#
# There is insufficient memory for the Java Runtime Environment to continue.
# Native memory allocation (malloc) failed to allocate 1281616 bytes for Chunk::new
# Possible reasons:
#   The system is out of physical RAM or swap space
#   The process is running with CompressedOops enabled, and the Java Heap may be blocking the growth of the native heap
# Possible solutions:
#   Reduce memory load on the system
#   Increase physical memory or swap space
#   Check if swap backing store is full
#   Decrease Java heap size (-Xmx/-Xms)
#   Decrease number of Java threads
#   Decrease Java thread stack sizes (-Xss)
#   Set larger code cache with -XX:ReservedCodeCacheSize=
#   JVM is running with Unscaled Compressed Oops mode in which the Java heap is
#     placed in the first 4GB address space. The Java Heap base address is the
#     maximum limit for the native heap growth. Please use -XX:HeapBaseMinAddress
#     to set the Java Heap base and to place the Java Heap above 4GB virtual address.
# This output file may be truncated or incomplete.
#
#  Out of Memory Error (arena.cpp:189), pid=19896, tid=29216
#
# JRE version: OpenJDK Runtime Environment Temurin-17.0.5+8 (17.0.5+8) (build 17.0.5+8)
# Java VM: OpenJDK 64-Bit Server VM Temurin-17.0.5+8 (17.0.5+8, mixed mode, sharing, tiered, compressed oops, compressed class ptrs, g1 gc, windows-amd64)
# No core dump will be written. Minidumps are not enabled by default on client versions of Windows
#

---------------  S U M M A R Y ------------

Command Line: -XX:MaxMetaspaceSize=512m --add-opens=java.base/java.util=ALL-UNNAMED --add-opens=java.base/java.lang=ALL-UNNAMED --add-opens=java.base/java.lang.invoke=ALL-UNNAMED --add-opens=java.prefs/java.util.prefs=ALL-UNNAMED --add-opens=java.base/java.nio.charset=ALL-UNNAMED --add-opens=java.base/java.net=ALL-UNNAMED --add-opens=java.base/java.util.concurrent.atomic=ALL-UNNAMED -Xmx2048m -Dfile.encoding=UTF-8 -Duser.country=US -Duser.language=en -Duser.variant org.gradle.launcher.daemon.bootstrap.GradleDaemon 8.0.1

Host: Intel(R) Core(TM) i7-7700HQ CPU @ 2.80GHz, 8 cores, 7G,  Windows 10 , 64 bit Build 19041 (10.0.19041.3570)
Time: Wed Nov 15 01:34:50 2023 Eastern Standard Time elapsed time: 148.625606 seconds (0d 0h 2m 28s)

---------------  T H R E A D  ---------------

Current thread (0x000001fe343c01d0):  JavaThread "C2 CompilerThread0" daemon [_thread_in_native, id=29216, stack(0x000000c385500000,0x000000c385600000)]


Current CompileTask:
C2: 148626 18633       4       org.gradle.internal.snapshot.DirectorySnapshot$$Lambda$1133/0x000000080146ec10::accept (12 bytes)

Stack: [0x000000c385500000,0x000000c385600000]
Native frames: (J=compiled Java code, j=interpreted, Vv=VM code, C=native code)
V  [jvm.dll+0x676b3a]
V  [jvm.dll+0x831444]
V  [jvm.dll+0x832bee]
V  [jvm.dll+0x833253]
V  [jvm.dll+0x244ce5]
V  [jvm.dll+0xabbac]
V  [jvm.dll+0xac17c]
V  [jvm.dll+0x362d02]
V  [jvm.dll+0x32d591]
V  [jvm.dll+0x32ca3a]
V  [jvm.dll+0x217b51]
V  [jvm.dll+0x216f71]
V  [jvm.dll+0x1a343d]
V  [jvm.dll+0x22698a]
V  [jvm.dll+0x224ac5]
V  [jvm.dll+0x7e727b]
V  [jvm.dll+0x7e17ea]
V  [jvm.dll+0x6759e5]
C  [ucrtbase.dll+0x21bb2]
C  [KERNEL32.DLL+0x17344]
C  [ntdll.dll+0x526b1]


---------------  P R O C E S S  ---------------

Threads class SMR info:
_java_thread_list=0x000001fe35349d20, length=127, elements={
0x000001fe15f82250, 0x000001fe3439c970, 0x000001fe3439d520, 0x000001fe343af880,
0x000001fe343b2240, 0x000001fe343b2bf0, 0x000001fe343bbbe0, 0x000001fe343c01d0,
0x000001fe343c8c80, 0x000001fe343c9670, 0x000001fe34e11a50, 0x000001fe34e140d0,
0x000001fe34e11580, 0x000001fe34e11f20, 0x000001fe34e123f0, 0x000001fe34e128c0,
0x000001fe34e14a70, 0x000001fe36d8d8d0, 0x000001fe36d8ec10, 0x000001fe36d8dda0,
0x000001fe36d8fa80, 0x000001fe36d8c590, 0x000001fe36d8d400, 0x000001fe36d8f5b0,
0x000001fe36d8ca60, 0x000001fe3947fd10, 0x000001fe3947f370, 0x000001fe3947e030,
0x000001fe39480b80, 0x000001fe39481050, 0x000001fe39481520, 0x000001fe3947eea0,
0x000001fe35f0b610, 0x000001fe34f23700, 0x000001fe37428be0, 0x000001fe38e316a0,
0x000001fe38e2f9c0, 0x000001fe38e35530, 0x000001fe38e32040, 0x000001fe38e32510,
0x000001fe38e2dce0, 0x000001fe38e2e680, 0x000001fe38e30d00, 0x000001fe38e30830,
0x000001fe38e329e0, 0x000001fe38e33380, 0x000001fe38e30360, 0x000001fe38e341f0,
0x000001fe38e311d0, 0x000001fe38e346c0, 0x000001fe38e2eb50, 0x000001fe38e34b90,
0x000001fe38e2f020, 0x000001fe3742c0d0, 0x000001fe3742c5a0, 0x000001fe3742ca70,
0x000001fe3742d410, 0x000001fe3742bc00, 0x000001fe3742d8e0, 0x000001fe3742cf40,
0x000001fe3742ddb0, 0x000001fe3742b260, 0x000001fe37429580, 0x000001fe3742e750,
0x000001fe3742b730, 0x000001fe3742e280, 0x000001fe3742ec20, 0x000001fe37428710,
0x000001fe374273d0, 0x000001fe34f21a20, 0x000001fe34f253e0, 0x000001fe34f223c0,
0x000001fe34f26bf0, 0x000001fe34f240a0, 0x000001fe34f21550, 0x000001fe34f24570,
0x000001fe34f270c0, 0x000001fe34f22d60, 0x000001fe34f24a40, 0x000001fe34f20bb0,
0x000001fe34f28400, 0x000001fe34f26250, 0x000001fe34f27590, 0x000001fe34f27a60,
0x000001fe34f21080, 0x000001fe35f09930, 0x000001fe35f08f90, 0x000001fe35f0b140,
0x000001fe35f0bae0, 0x000001fe35f0c480, 0x000001fe35f09e00, 0x000001fe35f09460,
0x000001fe35f08ac0, 0x000001fe35f0a7a0, 0x000001fe35f0a2d0, 0x000001fe35f0ac70,
0x000001fe35f0bfb0, 0x000001fe34e145a0, 0x000001fe34e12d90, 0x000001fe34e13c00,
0x000001fe34e110b0, 0x000001fe34e13260, 0x000001fe34e13730, 0x000001fe36d8e270,
0x000001fe36d8e740, 0x000001fe36d8cf30, 0x000001fe36d8f0e0, 0x000001fe3947e500,
0x000001fe3947e9d0, 0x000001fe3947f840, 0x000001fe39475190, 0x000001fe39471ca0,
0x000001fe39477340, 0x000001fe39472640, 0x000001fe39472b10, 0x000001fe394747f0,
0x000001fe39472170, 0x000001fe39476000, 0x000001fe394764d0, 0x000001fe39470960,
0x000001fe39477810, 0x000001fe39475b30, 0x000001fe394769a0, 0x000001fe394717d0,
0x000001fe39470e30, 0x000001fe39473980, 0x000001fe39473e50
}

Java Threads: ( => current thread )
  0x000001fe15f82250 JavaThread "main" [_thread_blocked, id=22388, stack(0x000000c384800000,0x000000c384900000)]
  0x000001fe3439c970 JavaThread "Reference Handler" daemon [_thread_blocked, id=21056, stack(0x000000c384f00000,0x000000c385000000)]
  0x000001fe3439d520 JavaThread "Finalizer" daemon [_thread_blocked, id=23396, stack(0x000000c385000000,0x000000c385100000)]
  0x000001fe343af880 JavaThread "Signal Dispatcher" daemon [_thread_blocked, id=8384, stack(0x000000c385100000,0x000000c385200000)]
  0x000001fe343b2240 JavaThread "Attach Listener" daemon [_thread_blocked, id=13836, stack(0x000000c385200000,0x000000c385300000)]
  0x000001fe343b2bf0 JavaThread "Service Thread" daemon [_thread_blocked, id=19004, stack(0x000000c385300000,0x000000c385400000)]
  0x000001fe343bbbe0 JavaThread "Monitor Deflation Thread" daemon [_thread_blocked, id=27180, stack(0x000000c385400000,0x000000c385500000)]
=>0x000001fe343c01d0 JavaThread "C2 CompilerThread0" daemon [_thread_in_native, id=29216, stack(0x000000c385500000,0x000000c385600000)]
  0x000001fe343c8c80 JavaThread "C1 CompilerThread0" daemon [_thread_blocked, id=21956, stack(0x000000c385600000,0x000000c385700000)]
  0x000001fe343c9670 JavaThread "Sweeper thread" daemon [_thread_blocked, id=20068, stack(0x000000c385700000,0x000000c385800000)]
  0x000001fe34e11a50 JavaThread "Common-Cleaner" daemon [_thread_blocked, id=18676, stack(0x000000c385800000,0x000000c385900000)]
  0x000001fe34e140d0 JavaThread "Notification Thread" daemon [_thread_blocked, id=22788, stack(0x000000c385900000,0x000000c385a00000)]
  0x000001fe34e11580 JavaThread "Daemon health stats" [_thread_blocked, id=14252, stack(0x000000c385f00000,0x000000c386000000)]
  0x000001fe34e11f20 JavaThread "Incoming local TCP Connector on port 52202" [_thread_in_native, id=21932, stack(0x000000c386100000,0x000000c386200000)]
  0x000001fe34e123f0 JavaThread "Daemon periodic checks" [_thread_blocked, id=23912, stack(0x000000c386200000,0x000000c386300000)]
  0x000001fe34e128c0 JavaThread "Daemon" [_thread_blocked, id=3328, stack(0x000000c386300000,0x000000c386400000)]
  0x000001fe34e14a70 JavaThread "Daemon worker" [_thread_in_Java, id=28200, stack(0x000000c386600000,0x000000c386700000)]
  0x000001fe36d8d8d0 JavaThread "Cache worker for journal cache (C:\Users\Owner\.gradle\caches\journal-1)" [_thread_blocked, id=20300, stack(0x000000c386a00000,0x000000c386b00000)]
  0x000001fe36d8ec10 JavaThread "File lock request listener" [_thread_in_native, id=30372, stack(0x000000c386b00000,0x000000c386c00000)]
  0x000001fe36d8dda0 JavaThread "Cache worker for file hash cache (C:\Users\Owner\.gradle\caches\8.0.1\fileHashes)" [_thread_blocked, id=18008, stack(0x000000c386000000,0x000000c386100000)]
  0x000001fe36d8fa80 JavaThread "File watcher server" daemon [_thread_in_native, id=27412, stack(0x000000c387000000,0x000000c387100000)]
  0x000001fe36d8c590 JavaThread "File watcher consumer" daemon [_thread_blocked, id=22996, stack(0x000000c387100000,0x000000c387200000)]
  0x000001fe36d8d400 JavaThread "Cache worker for file content cache (C:\Users\Owner\.gradle\caches\8.0.1\fileContent)" [_thread_blocked, id=14144, stack(0x000000c387400000,0x000000c387500000)]
  0x000001fe36d8f5b0 JavaThread "Cache worker for execution history cache (C:\Users\Owner\.gradle\caches\8.0.1\executionHistory)" [_thread_blocked, id=24400, stack(0x000000c387800000,0x000000c387900000)]
  0x000001fe36d8ca60 JavaThread "jar transforms" [_thread_blocked, id=31500, stack(0x000000c386c00000,0x000000c386d00000)]
  0x000001fe3947fd10 JavaThread "jar transforms Thread 2" [_thread_blocked, id=19852, stack(0x000000c387900000,0x000000c387a00000)]
  0x000001fe3947f370 JavaThread "jar transforms Thread 3" [_thread_blocked, id=29744, stack(0x000000c387a00000,0x000000c387b00000)]
  0x000001fe3947e030 JavaThread "jar transforms Thread 4" [_thread_blocked, id=28048, stack(0x000000c387b00000,0x000000c387c00000)]
  0x000001fe39480b80 JavaThread "Cache worker for kotlin-dsl (C:\Users\Owner\.gradle\caches\8.0.1\kotlin-dsl)" [_thread_blocked, id=11528, stack(0x000000c387c00000,0x000000c387d00000)]
  0x000001fe39481050 JavaThread "jar transforms Thread 5" [_thread_blocked, id=17036, stack(0x000000c387d00000,0x000000c387e00000)]
  0x000001fe39481520 JavaThread "jar transforms Thread 6" [_thread_blocked, id=14088, stack(0x000000c387e00000,0x000000c387f00000)]
  0x000001fe3947eea0 JavaThread "jar transforms Thread 7" [_thread_blocked, id=1472, stack(0x000000c388100000,0x000000c388200000)]
  0x000001fe35f0b610 JavaThread "jar transforms Thread 8" [_thread_blocked, id=16992, stack(0x000000c389c00000,0x000000c389d00000)]
  0x000001fe34f23700 JavaThread "Memory manager" [_thread_blocked, id=20352, stack(0x000000c389d00000,0x000000c389e00000)]
  0x000001fe37428be0 JavaThread "pool-3-thread-1" [_thread_blocked, id=12104, stack(0x000000c38e000000,0x000000c38e100000)]
  0x000001fe38e316a0 JavaThread "Handler for socket connection from /127.0.0.1:52202 to /127.0.0.1:57060" [_thread_in_native, id=30948, stack(0x000000c386400000,0x000000c386500000)]
  0x000001fe38e2f9c0 JavaThread "Cancel handler" [_thread_blocked, id=1552, stack(0x000000c386500000,0x000000c386600000)]
  0x000001fe38e35530 JavaThread "Asynchronous log dispatcher for DefaultDaemonConnection: socket connection from /127.0.0.1:52202 to /127.0.0.1:57060" [_thread_blocked, id=27320, stack(0x000000c386700000,0x000000c386800000)]
  0x000001fe38e32040 JavaThread "Daemon client event forwarder" [_thread_blocked, id=12620, stack(0x000000c386900000,0x000000c386a00000)]
  0x000001fe38e32510 JavaThread "Cache worker for checksums cache (C:\Users\Owner\source\repos\tainolanguageprojectV2\android\.gradle\8.0.1\checksums)" [_thread_blocked, id=15036, stack(0x000000c387200000,0x000000c387300000)]
  0x000001fe38e2dce0 JavaThread "Cache worker for file hash cache (C:\Users\Owner\source\repos\tainolanguageprojectV2\android\.gradle\8.0.1\fileHashes)" [_thread_blocked, id=12964, stack(0x000000c387500000,0x000000c387600000)]
  0x000001fe38e2e680 JavaThread "Cache worker for dependencies-accessors (C:\Users\Owner\source\repos\tainolanguageprojectV2\android\.gradle\8.0.1\dependencies-accessors)" [_thread_blocked, id=21352, stack(0x000000c384500000,0x000000c384600000)]
  0x000001fe38e30d00 JavaThread "Unconstrained build operations" [_thread_blocked, id=31724, stack(0x000000c387f00000,0x000000c388000000)]
  0x000001fe38e30830 JavaThread "Unconstrained build operations Thread 2" [_thread_blocked, id=27752, stack(0x000000c388000000,0x000000c388100000)]
  0x000001fe38e329e0 JavaThread "Unconstrained build operations Thread 3" [_thread_blocked, id=20560, stack(0x000000c388200000,0x000000c388300000)]
  0x000001fe38e33380 JavaThread "Unconstrained build operations Thread 4" [_thread_blocked, id=13536, stack(0x000000c388300000,0x000000c388400000)]
  0x000001fe38e30360 JavaThread "Unconstrained build operations Thread 5" [_thread_blocked, id=13576, stack(0x000000c388400000,0x000000c388500000)]
  0x000001fe38e341f0 JavaThread "Unconstrained build operations Thread 6" [_thread_blocked, id=6556, stack(0x000000c388500000,0x000000c388600000)]
  0x000001fe38e311d0 JavaThread "Unconstrained build operations Thread 7" [_thread_blocked, id=20044, stack(0x000000c388600000,0x000000c388700000)]
  0x000001fe38e346c0 JavaThread "Unconstrained build operations Thread 8" [_thread_blocked, id=22920, stack(0x000000c388700000,0x000000c388800000)]
  0x000001fe38e2eb50 JavaThread "Unconstrained build operations Thread 9" [_thread_blocked, id=17320, stack(0x000000c388800000,0x000000c388900000)]
  0x000001fe38e34b90 JavaThread "Unconstrained build operations Thread 10" [_thread_blocked, id=19284, stack(0x000000c388900000,0x000000c388a00000)]
  0x000001fe38e2f020 JavaThread "Unconstrained build operations Thread 11" [_thread_blocked, id=27328, stack(0x000000c388a00000,0x000000c388b00000)]
  0x000001fe3742c0d0 JavaThread "Unconstrained build operations Thread 12" [_thread_blocked, id=7956, stack(0x000000c388b00000,0x000000c388c00000)]
  0x000001fe3742c5a0 JavaThread "Unconstrained build operations Thread 13" [_thread_blocked, id=14132, stack(0x000000c388c00000,0x000000c388d00000)]
  0x000001fe3742ca70 JavaThread "Unconstrained build operations Thread 14" [_thread_blocked, id=8916, stack(0x000000c388d00000,0x000000c388e00000)]
  0x000001fe3742d410 JavaThread "Unconstrained build operations Thread 15" [_thread_blocked, id=23408, stack(0x000000c388e00000,0x000000c388f00000)]
  0x000001fe3742bc00 JavaThread "Unconstrained build operations Thread 16" [_thread_blocked, id=29692, stack(0x000000c388f00000,0x000000c389000000)]
  0x000001fe3742d8e0 JavaThread "Unconstrained build operations Thread 17" [_thread_blocked, id=30116, stack(0x000000c389000000,0x000000c389100000)]
  0x000001fe3742cf40 JavaThread "Unconstrained build operations Thread 18" [_thread_blocked, id=1648, stack(0x000000c389100000,0x000000c389200000)]
  0x000001fe3742ddb0 JavaThread "Unconstrained build operations Thread 19" [_thread_blocked, id=31340, stack(0x000000c389200000,0x000000c389300000)]
  0x000001fe3742b260 JavaThread "Unconstrained build operations Thread 20" [_thread_blocked, id=15644, stack(0x000000c389300000,0x000000c389400000)]
  0x000001fe37429580 JavaThread "Unconstrained build operations Thread 21" [_thread_blocked, id=27940, stack(0x000000c389400000,0x000000c389500000)]
  0x000001fe3742e750 JavaThread "Unconstrained build operations Thread 22" [_thread_blocked, id=2264, stack(0x000000c389500000,0x000000c389600000)]
  0x000001fe3742b730 JavaThread "Unconstrained build operations Thread 23" [_thread_blocked, id=30832, stack(0x000000c389600000,0x000000c389700000)]
  0x000001fe3742e280 JavaThread "Unconstrained build operations Thread 24" [_thread_blocked, id=21036, stack(0x000000c389700000,0x000000c389800000)]
  0x000001fe3742ec20 JavaThread "Unconstrained build operations Thread 25" [_thread_blocked, id=29868, stack(0x000000c389800000,0x000000c389900000)]
  0x000001fe37428710 JavaThread "Unconstrained build operations Thread 26" [_thread_blocked, id=9764, stack(0x000000c389900000,0x000000c389a00000)]
  0x000001fe374273d0 JavaThread "included builds" [_thread_blocked, id=21072, stack(0x000000c389b00000,0x000000c389c00000)]
  0x000001fe34f21a20 JavaThread "Unconstrained build operations Thread 27" [_thread_blocked, id=9796, stack(0x000000c38a700000,0x000000c38a800000)]
  0x000001fe34f253e0 JavaThread "Unconstrained build operations Thread 28" [_thread_blocked, id=25648, stack(0x000000c38a800000,0x000000c38a900000)]
  0x000001fe34f223c0 JavaThread "Unconstrained build operations Thread 29" [_thread_blocked, id=14208, stack(0x000000c38a900000,0x000000c38aa00000)]
  0x000001fe34f26bf0 JavaThread "Unconstrained build operations Thread 30" [_thread_blocked, id=2060, stack(0x000000c38aa00000,0x000000c38ab00000)]
  0x000001fe34f240a0 JavaThread "Unconstrained build operations Thread 31" [_thread_blocked, id=20156, stack(0x000000c38ab00000,0x000000c38ac00000)]
  0x000001fe34f21550 JavaThread "Unconstrained build operations Thread 32" [_thread_blocked, id=2128, stack(0x000000c38ac00000,0x000000c38ad00000)]
  0x000001fe34f24570 JavaThread "Unconstrained build operations Thread 33" [_thread_blocked, id=16016, stack(0x000000c38ad00000,0x000000c38ae00000)]
  0x000001fe34f270c0 JavaThread "Unconstrained build operations Thread 34" [_thread_blocked, id=8184, stack(0x000000c38ae00000,0x000000c38af00000)]
  0x000001fe34f22d60 JavaThread "Unconstrained build operations Thread 35" [_thread_blocked, id=15080, stack(0x000000c38af00000,0x000000c38b000000)]
  0x000001fe34f24a40 JavaThread "Unconstrained build operations Thread 36" [_thread_blocked, id=29764, stack(0x000000c38b000000,0x000000c38b100000)]
  0x000001fe34f20bb0 JavaThread "Unconstrained build operations Thread 37" [_thread_blocked, id=22076, stack(0x000000c38b100000,0x000000c38b200000)]
  0x000001fe34f28400 JavaThread "Unconstrained build operations Thread 38" [_thread_blocked, id=11096, stack(0x000000c38b200000,0x000000c38b300000)]
  0x000001fe34f26250 JavaThread "Unconstrained build operations Thread 39" [_thread_blocked, id=23000, stack(0x000000c38b300000,0x000000c38b400000)]
  0x000001fe34f27590 JavaThread "Unconstrained build operations Thread 40" [_thread_blocked, id=23848, stack(0x000000c38b400000,0x000000c38b500000)]
  0x000001fe34f27a60 JavaThread "Unconstrained build operations Thread 41" [_thread_blocked, id=31396, stack(0x000000c38b500000,0x000000c38b600000)]
  0x000001fe34f21080 JavaThread "Unconstrained build operations Thread 42" [_thread_blocked, id=29516, stack(0x000000c38b600000,0x000000c38b700000)]
  0x000001fe35f09930 JavaThread "Unconstrained build operations Thread 43" [_thread_blocked, id=29324, stack(0x000000c38b700000,0x000000c38b800000)]
  0x000001fe35f08f90 JavaThread "Unconstrained build operations Thread 44" [_thread_blocked, id=18772, stack(0x000000c38b800000,0x000000c38b900000)]
  0x000001fe35f0b140 JavaThread "Unconstrained build operations Thread 45" [_thread_blocked, id=21860, stack(0x000000c38b900000,0x000000c38ba00000)]
  0x000001fe35f0bae0 JavaThread "Unconstrained build operations Thread 46" [_thread_blocked, id=29256, stack(0x000000c38ba00000,0x000000c38bb00000)]
  0x000001fe35f0c480 JavaThread "Unconstrained build operations Thread 47" [_thread_blocked, id=9864, stack(0x000000c38bb00000,0x000000c38bc00000)]
  0x000001fe35f09e00 JavaThread "Unconstrained build operations Thread 48" [_thread_blocked, id=13188, stack(0x000000c38bc00000,0x000000c38bd00000)]
  0x000001fe35f09460 JavaThread "Unconstrained build operations Thread 49" [_thread_blocked, id=25868, stack(0x000000c38bd00000,0x000000c38be00000)]
  0x000001fe35f08ac0 JavaThread "Unconstrained build operations Thread 50" [_thread_blocked, id=21476, stack(0x000000c38be00000,0x000000c38bf00000)]
  0x000001fe35f0a7a0 JavaThread "Unconstrained build operations Thread 51" [_thread_blocked, id=25008, stack(0x000000c38bf00000,0x000000c38c000000)]
  0x000001fe35f0a2d0 JavaThread "Unconstrained build operations Thread 52" [_thread_blocked, id=16000, stack(0x000000c38c000000,0x000000c38c100000)]
  0x000001fe35f0ac70 JavaThread "Unconstrained build operations Thread 53" [_thread_blocked, id=28664, stack(0x000000c38c100000,0x000000c38c200000)]
  0x000001fe35f0bfb0 JavaThread "Unconstrained build operations Thread 54" [_thread_blocked, id=25744, stack(0x000000c38c200000,0x000000c38c300000)]
  0x000001fe34e145a0 JavaThread "Unconstrained build operations Thread 55" [_thread_blocked, id=11040, stack(0x000000c38c300000,0x000000c38c400000)]
  0x000001fe34e12d90 JavaThread "Unconstrained build operations Thread 56" [_thread_blocked, id=5028, stack(0x000000c38c400000,0x000000c38c500000)]
  0x000001fe34e13c00 JavaThread "Unconstrained build operations Thread 57" [_thread_blocked, id=19916, stack(0x000000c38c500000,0x000000c38c600000)]
  0x000001fe34e110b0 JavaThread "Unconstrained build operations Thread 58" [_thread_blocked, id=20040, stack(0x000000c38c600000,0x000000c38c700000)]
  0x000001fe34e13260 JavaThread "Unconstrained build operations Thread 59" [_thread_blocked, id=16336, stack(0x000000c38c700000,0x000000c38c800000)]
  0x000001fe34e13730 JavaThread "Unconstrained build operations Thread 60" [_thread_blocked, id=31120, stack(0x000000c38c800000,0x000000c38c900000)]
  0x000001fe36d8e270 JavaThread "Unconstrained build operations Thread 61" [_thread_blocked, id=17916, stack(0x000000c38c900000,0x000000c38ca00000)]
  0x000001fe36d8e740 JavaThread "Unconstrained build operations Thread 62" [_thread_blocked, id=30060, stack(0x000000c38ca00000,0x000000c38cb00000)]
  0x000001fe36d8cf30 JavaThread "Unconstrained build operations Thread 63" [_thread_blocked, id=12172, stack(0x000000c38cb00000,0x000000c38cc00000)]
  0x000001fe36d8f0e0 JavaThread "Unconstrained build operations Thread 64" [_thread_blocked, id=11436, stack(0x000000c38cc00000,0x000000c38cd00000)]
  0x000001fe3947e500 JavaThread "Unconstrained build operations Thread 65" [_thread_blocked, id=30096, stack(0x000000c38cd00000,0x000000c38ce00000)]
  0x000001fe3947e9d0 JavaThread "Unconstrained build operations Thread 66" [_thread_blocked, id=21672, stack(0x000000c38ce00000,0x000000c38cf00000)]
  0x000001fe3947f840 JavaThread "Unconstrained build operations Thread 67" [_thread_blocked, id=24300, stack(0x000000c38cf00000,0x000000c38d000000)]
  0x000001fe39475190 JavaThread "Unconstrained build operations Thread 68" [_thread_blocked, id=24192, stack(0x000000c38d000000,0x000000c38d100000)]
  0x000001fe39471ca0 JavaThread "Unconstrained build operations Thread 69" [_thread_blocked, id=21920, stack(0x000000c38d100000,0x000000c38d200000)]
  0x000001fe39477340 JavaThread "Unconstrained build operations Thread 70" [_thread_blocked, id=29036, stack(0x000000c38d200000,0x000000c38d300000)]
  0x000001fe39472640 JavaThread "Unconstrained build operations Thread 71" [_thread_blocked, id=9416, stack(0x000000c38d300000,0x000000c38d400000)]
  0x000001fe39472b10 JavaThread "Unconstrained build operations Thread 72" [_thread_blocked, id=30572, stack(0x000000c38d400000,0x000000c38d500000)]
  0x000001fe394747f0 JavaThread "Unconstrained build operations Thread 73" [_thread_blocked, id=17372, stack(0x000000c38d500000,0x000000c38d600000)]
  0x000001fe39472170 JavaThread "Unconstrained build operations Thread 74" [_thread_blocked, id=29396, stack(0x000000c38d600000,0x000000c38d700000)]
  0x000001fe39476000 JavaThread "Unconstrained build operations Thread 75" [_thread_blocked, id=23636, stack(0x000000c38d700000,0x000000c38d800000)]
  0x000001fe394764d0 JavaThread "Unconstrained build operations Thread 76" [_thread_blocked, id=12976, stack(0x000000c38d800000,0x000000c38d900000)]
  0x000001fe39470960 JavaThread "Unconstrained build operations Thread 77" [_thread_blocked, id=20600, stack(0x000000c38d900000,0x000000c38da00000)]
  0x000001fe39477810 JavaThread "Unconstrained build operations Thread 78" [_thread_blocked, id=17284, stack(0x000000c38da00000,0x000000c38db00000)]
  0x000001fe39475b30 JavaThread "Unconstrained build operations Thread 79" [_thread_blocked, id=20212, stack(0x000000c38db00000,0x000000c38dc00000)]
  0x000001fe394769a0 JavaThread "Unconstrained build operations Thread 80" [_thread_blocked, id=5676, stack(0x000000c38dc00000,0x000000c38dd00000)]
  0x000001fe394717d0 JavaThread "pool-6-thread-1" [_thread_blocked, id=16848, stack(0x000000c384400000,0x000000c384500000)]
  0x000001fe39470e30 JavaThread "Monitor" [_thread_in_native, id=22952, stack(0x000000c389f00000,0x000000c38a000000)]
  0x000001fe39473980 JavaThread "JdwpProxyConnection" [_thread_in_native, id=2268, stack(0x000000c386800000,0x000000c386900000)]
  0x000001fe39473e50 JavaThread "Device List Monitor" [_thread_blocked, id=24424, stack(0x000000c38e200000,0x000000c38e300000)]

Other Threads:
  0x000001fe34398ad0 VMThread "VM Thread" [stack: 0x000000c384e00000,0x000000c384f00000] [id=24008]
  0x000001fe15ff81e0 WatcherThread [stack: 0x000000c385a00000,0x000000c385b00000] [id=21640]
  0x000001fe15fdb8c0 GCTaskThread "GC Thread#0" [stack: 0x000000c384900000,0x000000c384a00000] [id=19928]
  0x000001fe3503ba70 GCTaskThread "GC Thread#1" [stack: 0x000000c385c00000,0x000000c385d00000] [id=21764]
  0x000001fe3503bd20 GCTaskThread "GC Thread#2" [stack: 0x000000c385d00000,0x000000c385e00000] [id=26784]
  0x000001fe35831cc0 GCTaskThread "GC Thread#3" [stack: 0x000000c385e00000,0x000000c385f00000] [id=392]
  0x000001fe35d9f6e0 GCTaskThread "GC Thread#4" [stack: 0x000000c385b00000,0x000000c385c00000] [id=2888]
  0x000001fe36d5cca0 GCTaskThread "GC Thread#5" [stack: 0x000000c386d00000,0x000000c386e00000] [id=18044]
  0x000001fe36d5b9d0 GCTaskThread "GC Thread#6" [stack: 0x000000c386e00000,0x000000c386f00000] [id=27336]
  0x000001fe36d5bf30 GCTaskThread "GC Thread#7" [stack: 0x000000c386f00000,0x000000c387000000] [id=12108]
  0x000001fe15fec950 ConcurrentGCThread "G1 Main Marker" [stack: 0x000000c384a00000,0x000000c384b00000] [id=10936]
  0x000001fe15feded0 ConcurrentGCThread "G1 Conc#0" [stack: 0x000000c384b00000,0x000000c384c00000] [id=29796]
  0x000001fe36d5c1e0 ConcurrentGCThread "G1 Conc#1" [stack: 0x000000c387700000,0x000000c387800000] [id=19272]
  0x000001fe3424c590 ConcurrentGCThread "G1 Refine#0" [stack: 0x000000c384c00000,0x000000c384d00000] [id=27964]
  0x000001fe3424cfb0 ConcurrentGCThread "G1 Service" [stack: 0x000000c384d00000,0x000000c384e00000] [id=14028]

Threads with active compile tasks:
C2 CompilerThread0   148905 18633       4       org.gradle.internal.snapshot.DirectorySnapshot$$Lambda$1133/0x000000080146ec10::accept (12 bytes)

VM state: not at safepoint (normal execution)

VM Mutex/Monitor currently owned by a thread: None

Heap address: 0x0000000080000000, size: 2048 MB, Compressed Oops mode: 32-bit

CDS archive(s) mapped at: [0x0000000800000000-0x0000000800bc0000-0x0000000800bc0000), size 12320768, SharedBaseAddress: 0x0000000800000000, ArchiveRelocationMode: 0.
Compressed class space mapped at: 0x0000000800c00000-0x000000081a800000, reserved size: 432013312
Narrow klass base: 0x0000000800000000, Narrow klass shift: 0, Narrow klass range: 0x100000000

GC Precious Log:
 CPUs: 8 total, 8 available
 Memory: 8043M
 Large Page Support: Disabled
 NUMA Support: Disabled
 Compressed Oops: Enabled (32-bit)
 Heap Region Size: 1M
 Heap Min Capacity: 8M
 Heap Initial Capacity: 126M
 Heap Max Capacity: 2G
 Pre-touch: Disabled
 Parallel Workers: 8
 Concurrent Workers: 2
 Concurrent Refinement Workers: 8
 Periodic GC: Disabled

Heap:
 garbage-first heap   total 259072K, used 221874K [0x0000000080000000, 0x0000000100000000)
  region size 1024K, 26 young (26624K), 4 survivors (4096K)
 Metaspace       used 104826K, committed 105984K, reserved 520192K
  class space    used 14104K, committed 14656K, reserved 421888K

Heap Regions: E=young(eden), S=young(survivor), O=old, HS=humongous(starts), HC=humongous(continues), CS=collection set, F=free, OA=open archive, CA=closed archive, TAMS=top-at-mark-start (previous, next)
|   0|0x0000000080000000, 0x0000000080100000, 0x0000000080100000|100%|HS|  |TAMS 0x0000000080100000, 0x0000000080000000| Complete 
|   1|0x0000000080100000, 0x0000000080200000, 0x0000000080200000|100%|HC|  |TAMS 0x0000000080200000, 0x0000000080100000| Complete 
|   2|0x0000000080200000, 0x0000000080300000, 0x0000000080300000|100%|HC|  |TAMS 0x0000000080300000, 0x0000000080200000| Complete 
|   3|0x0000000080300000, 0x0000000080400000, 0x0000000080400000|100%|HC|  |TAMS 0x0000000080400000, 0x0000000080300000| Complete 
|   4|0x0000000080400000, 0x0000000080500000, 0x0000000080500000|100%| O|  |TAMS 0x0000000080500000, 0x0000000080400000| Untracked 
|   5|0x0000000080500000, 0x0000000080600000, 0x0000000080600000|100%| O|  |TAMS 0x0000000080600000, 0x0000000080500000| Untracked 
|   6|0x0000000080600000, 0x0000000080700000, 0x0000000080700000|100%| O|  |TAMS 0x0000000080700000, 0x0000000080600000| Untracked 
|   7|0x0000000080700000, 0x0000000080800000, 0x0000000080800000|100%| O|  |TAMS 0x0000000080800000, 0x0000000080700000| Untracked 
|   8|0x0000000080800000, 0x0000000080900000, 0x0000000080900000|100%| O|  |TAMS 0x0000000080900000, 0x0000000080800000| Untracked 
|   9|0x0000000080900000, 0x0000000080a00000, 0x0000000080a00000|100%| O|  |TAMS 0x0000000080a00000, 0x0000000080900000| Untracked 
|  10|0x0000000080a00000, 0x0000000080b00000, 0x0000000080b00000|100%| O|  |TAMS 0x0000000080b00000, 0x0000000080a00000| Untracked 
|  11|0x0000000080b00000, 0x0000000080c00000, 0x0000000080c00000|100%| O|  |TAMS 0x0000000080c00000, 0x0000000080b00000| Untracked 
|  12|0x0000000080c00000, 0x0000000080d00000, 0x0000000080d00000|100%| O|  |TAMS 0x0000000080d00000, 0x0000000080c00000| Untracked 
|  13|0x0000000080d00000, 0x0000000080e00000, 0x0000000080e00000|100%| O|  |TAMS 0x0000000080e00000, 0x0000000080d00000| Untracked 
|  14|0x0000000080e00000, 0x0000000080f00000, 0x0000000080f00000|100%| O|  |TAMS 0x0000000080f00000, 0x0000000080e00000| Untracked 
|  15|0x0000000080f00000, 0x0000000081000000, 0x0000000081000000|100%| O|  |TAMS 0x0000000081000000, 0x0000000080f00000| Untracked 
|  16|0x0000000081000000, 0x0000000081100000, 0x0000000081100000|100%| O|  |TAMS 0x0000000081100000, 0x0000000081000000| Untracked 
|  17|0x0000000081100000, 0x0000000081200000, 0x0000000081200000|100%| O|  |TAMS 0x0000000081200000, 0x0000000081100000| Untracked 
|  18|0x0000000081200000, 0x0000000081300000, 0x0000000081300000|100%| O|  |TAMS 0x0000000081300000, 0x0000000081200000| Untracked 
|  19|0x0000000081300000, 0x0000000081400000, 0x0000000081400000|100%| O|  |TAMS 0x0000000081400000, 0x0000000081300000| Untracked 
|  20|0x0000000081400000, 0x0000000081500000, 0x0000000081500000|100%| O|  |TAMS 0x0000000081500000, 0x0000000081400000| Untracked 
|  21|0x0000000081500000, 0x0000000081600000, 0x0000000081600000|100%| O|  |TAMS 0x0000000081600000, 0x0000000081500000| Untracked 
|  22|0x0000000081600000, 0x0000000081700000, 0x0000000081700000|100%| O|  |TAMS 0x0000000081700000, 0x0000000081600000| Untracked 
|  23|0x0000000081700000, 0x0000000081800000, 0x0000000081800000|100%| O|  |TAMS 0x0000000081800000, 0x0000000081700000| Untracked 
|  24|0x0000000081800000, 0x0000000081900000, 0x0000000081900000|100%| O|  |TAMS 0x0000000081900000, 0x0000000081800000| Untracked 
|  25|0x0000000081900000, 0x0000000081a00000, 0x0000000081a00000|100%| O|  |TAMS 0x0000000081a00000, 0x0000000081900000| Untracked 
|  26|0x0000000081a00000, 0x0000000081b00000, 0x0000000081b00000|100%| O|  |TAMS 0x0000000081b00000, 0x0000000081a00000| Untracked 
|  27|0x0000000081b00000, 0x0000000081c00000, 0x0000000081c00000|100%| O|  |TAMS 0x0000000081c00000, 0x0000000081b00000| Untracked 
|  28|0x0000000081c00000, 0x0000000081d00000, 0x0000000081d00000|100%| O|  |TAMS 0x0000000081d00000, 0x0000000081c00000| Untracked 
|  29|0x0000000081d00000, 0x0000000081e00000, 0x0000000081e00000|100%|HS|  |TAMS 0x0000000081e00000, 0x0000000081d00000| Complete 
|  30|0x0000000081e00000, 0x0000000081f00000, 0x0000000081f00000|100%|HC|  |TAMS 0x0000000081f00000, 0x0000000081e00000| Complete 
|  31|0x0000000081f00000, 0x0000000082000000, 0x0000000082000000|100%| O|  |TAMS 0x0000000082000000, 0x0000000081f00000| Untracked 
|  32|0x0000000082000000, 0x0000000082100000, 0x0000000082100000|100%| O|  |TAMS 0x0000000082100000, 0x0000000082000000| Untracked 
|  33|0x0000000082100000, 0x0000000082200000, 0x0000000082200000|100%| O|  |TAMS 0x0000000082200000, 0x0000000082100000| Untracked 
|  34|0x0000000082200000, 0x0000000082300000, 0x0000000082300000|100%| O|  |TAMS 0x0000000082300000, 0x0000000082200000| Untracked 
|  35|0x0000000082300000, 0x0000000082400000, 0x0000000082400000|100%| O|  |TAMS 0x0000000082400000, 0x0000000082300000| Untracked 
|  36|0x0000000082400000, 0x0000000082500000, 0x0000000082500000|100%| O|  |TAMS 0x0000000082500000, 0x0000000082400000| Untracked 
|  37|0x0000000082500000, 0x0000000082600000, 0x0000000082600000|100%| O|  |TAMS 0x0000000082600000, 0x0000000082500000| Untracked 
|  38|0x0000000082600000, 0x0000000082700000, 0x0000000082700000|100%|HS|  |TAMS 0x0000000082700000, 0x0000000082600000| Complete 
|  39|0x0000000082700000, 0x0000000082800000, 0x0000000082800000|100%|HC|  |TAMS 0x0000000082800000, 0x0000000082700000| Complete 
|  40|0x0000000082800000, 0x0000000082900000, 0x0000000082900000|100%|HC|  |TAMS 0x0000000082900000, 0x0000000082800000| Complete 
|  41|0x0000000082900000, 0x0000000082a00000, 0x0000000082a00000|100%|HC|  |TAMS 0x0000000082a00000, 0x0000000082900000| Complete 
|  42|0x0000000082a00000, 0x0000000082b00000, 0x0000000082b00000|100%| O|  |TAMS 0x0000000082b00000, 0x0000000082a00000| Untracked 
|  43|0x0000000082b00000, 0x0000000082c00000, 0x0000000082c00000|100%| O|  |TAMS 0x0000000082c00000, 0x0000000082b00000| Untracked 
|  44|0x0000000082c00000, 0x0000000082d00000, 0x0000000082d00000|100%| O|  |TAMS 0x0000000082d00000, 0x0000000082c00000| Untracked 
|  45|0x0000000082d00000, 0x0000000082e00000, 0x0000000082e00000|100%| O|  |TAMS 0x0000000082e00000, 0x0000000082d00000| Untracked 
|  46|0x0000000082e00000, 0x0000000082f00000, 0x0000000082f00000|100%| O|  |TAMS 0x0000000082f00000, 0x0000000082e00000| Untracked 
|  47|0x0000000082f00000, 0x0000000083000000, 0x0000000083000000|100%| O|  |TAMS 0x0000000083000000, 0x0000000082f00000| Untracked 
|  48|0x0000000083000000, 0x0000000083100000, 0x0000000083100000|100%| O|  |TAMS 0x0000000083100000, 0x0000000083000000| Untracked 
|  49|0x0000000083100000, 0x0000000083200000, 0x0000000083200000|100%| O|  |TAMS 0x0000000083200000, 0x0000000083100000| Untracked 
|  50|0x0000000083200000, 0x0000000083300000, 0x0000000083300000|100%| O|  |TAMS 0x0000000083300000, 0x0000000083200000| Untracked 
|  51|0x0000000083300000, 0x0000000083400000, 0x0000000083400000|100%| O|  |TAMS 0x0000000083400000, 0x0000000083300000| Untracked 
|  52|0x0000000083400000, 0x0000000083500000, 0x0000000083500000|100%| O|  |TAMS 0x0000000083500000, 0x0000000083400000| Untracked 
|  53|0x0000000083500000, 0x0000000083600000, 0x0000000083600000|100%| O|  |TAMS 0x0000000083600000, 0x0000000083500000| Untracked 
|  54|0x0000000083600000, 0x0000000083700000, 0x0000000083700000|100%| O|  |TAMS 0x0000000083600000, 0x0000000083600000| Untracked 
|  55|0x0000000083700000, 0x0000000083800000, 0x0000000083800000|100%|HS|  |TAMS 0x0000000083800000, 0x0000000083700000| Complete 
|  56|0x0000000083800000, 0x0000000083900000, 0x0000000083900000|100%|HS|  |TAMS 0x0000000083900000, 0x0000000083800000| Complete 
|  57|0x0000000083900000, 0x0000000083a00000, 0x0000000083a00000|100%| O|  |TAMS 0x0000000083a00000, 0x0000000083900000| Untracked 
|  58|0x0000000083a00000, 0x0000000083b00000, 0x0000000083b00000|100%| O|  |TAMS 0x0000000083b00000, 0x0000000083a00000| Untracked 
|  59|0x0000000083b00000, 0x0000000083c00000, 0x0000000083c00000|100%| O|  |TAMS 0x0000000083bca000, 0x0000000083b00000| Untracked 
|  60|0x0000000083c00000, 0x0000000083d00000, 0x0000000083d00000|100%| O|  |TAMS 0x0000000083c00000, 0x0000000083c00000| Untracked 
|  61|0x0000000083d00000, 0x0000000083e00000, 0x0000000083e00000|100%| O|  |TAMS 0x0000000083d00000, 0x0000000083d00000| Untracked 
|  62|0x0000000083e00000, 0x0000000083f00000, 0x0000000083f00000|100%| O|  |TAMS 0x0000000083e00000, 0x0000000083e00000| Untracked 
|  63|0x0000000083f00000, 0x0000000084000000, 0x0000000084000000|100%| O|  |TAMS 0x0000000083f00000, 0x0000000083f00000| Untracked 
|  64|0x0000000084000000, 0x0000000084100000, 0x0000000084100000|100%| O|  |TAMS 0x0000000084000000, 0x0000000084000000| Untracked 
|  65|0x0000000084100000, 0x0000000084200000, 0x0000000084200000|100%| O|  |TAMS 0x0000000084100000, 0x0000000084100000| Untracked 
|  66|0x0000000084200000, 0x0000000084300000, 0x0000000084300000|100%| O|  |TAMS 0x0000000084200000, 0x0000000084200000| Untracked 
|  67|0x0000000084300000, 0x0000000084400000, 0x0000000084400000|100%| O|  |TAMS 0x0000000084300000, 0x0000000084300000| Untracked 
|  68|0x0000000084400000, 0x0000000084500000, 0x0000000084500000|100%| O|  |TAMS 0x0000000084400000, 0x0000000084400000| Untracked 
|  69|0x0000000084500000, 0x0000000084600000, 0x0000000084600000|100%| O|  |TAMS 0x0000000084500000, 0x0000000084500000| Untracked 
|  70|0x0000000084600000, 0x0000000084700000, 0x0000000084700000|100%| O|  |TAMS 0x0000000084600000, 0x0000000084600000| Untracked 
|  71|0x0000000084700000, 0x0000000084800000, 0x0000000084800000|100%| O|  |TAMS 0x0000000084700000, 0x0000000084700000| Untracked 
|  72|0x0000000084800000, 0x0000000084900000, 0x0000000084900000|100%| O|  |TAMS 0x0000000084800000, 0x0000000084800000| Untracked 
|  73|0x0000000084900000, 0x0000000084a00000, 0x0000000084a00000|100%| O|  |TAMS 0x0000000084900000, 0x0000000084900000| Untracked 
|  74|0x0000000084a00000, 0x0000000084b00000, 0x0000000084b00000|100%| O|  |TAMS 0x0000000084a00000, 0x0000000084a00000| Untracked 
|  75|0x0000000084b00000, 0x0000000084c00000, 0x0000000084c00000|100%| O|  |TAMS 0x0000000084b00000, 0x0000000084b00000| Untracked 
|  76|0x0000000084c00000, 0x0000000084d00000, 0x0000000084d00000|100%| O|  |TAMS 0x0000000084c00000, 0x0000000084c00000| Untracked 
|  77|0x0000000084d00000, 0x0000000084e00000, 0x0000000084e00000|100%| O|  |TAMS 0x0000000084d00000, 0x0000000084d00000| Untracked 
|  78|0x0000000084e00000, 0x0000000084f00000, 0x0000000084f00000|100%| O|  |TAMS 0x0000000084e00000, 0x0000000084e00000| Untracked 
|  79|0x0000000084f00000, 0x0000000085000000, 0x0000000085000000|100%| O|  |TAMS 0x0000000084f00000, 0x0000000084f00000| Untracked 
|  80|0x0000000085000000, 0x0000000085100000, 0x0000000085100000|100%| O|  |TAMS 0x0000000085000000, 0x0000000085000000| Untracked 
|  81|0x0000000085100000, 0x0000000085200000, 0x0000000085200000|100%| O|  |TAMS 0x0000000085100000, 0x0000000085100000| Untracked 
|  82|0x0000000085200000, 0x0000000085300000, 0x0000000085300000|100%| O|  |TAMS 0x0000000085200000, 0x0000000085200000| Untracked 
|  83|0x0000000085300000, 0x0000000085400000, 0x0000000085400000|100%| O|  |TAMS 0x0000000085300000, 0x0000000085300000| Untracked 
|  84|0x0000000085400000, 0x0000000085500000, 0x0000000085500000|100%|HS|  |TAMS 0x0000000085400000, 0x0000000085400000| Complete 
|  85|0x0000000085500000, 0x0000000085600000, 0x0000000085600000|100%|HC|  |TAMS 0x0000000085500000, 0x0000000085500000| Complete 
|  86|0x0000000085600000, 0x0000000085700000, 0x0000000085700000|100%|HS|  |TAMS 0x0000000085600000, 0x0000000085600000| Complete 
|  87|0x0000000085700000, 0x0000000085800000, 0x0000000085800000|100%|HC|  |TAMS 0x0000000085700000, 0x0000000085700000| Complete 
|  88|0x0000000085800000, 0x0000000085900000, 0x0000000085900000|100%|HC|  |TAMS 0x0000000085800000, 0x0000000085800000| Complete 
|  89|0x0000000085900000, 0x0000000085a00000, 0x0000000085a00000|100%|HC|  |TAMS 0x0000000085900000, 0x0000000085900000| Complete 
|  90|0x0000000085a00000, 0x0000000085b00000, 0x0000000085b00000|100%| O|  |TAMS 0x0000000085a00000, 0x0000000085a00000| Untracked 
|  91|0x0000000085b00000, 0x0000000085c00000, 0x0000000085c00000|100%| O|  |TAMS 0x0000000085b00000, 0x0000000085b00000| Untracked 
|  92|0x0000000085c00000, 0x0000000085d00000, 0x0000000085d00000|100%| O|  |TAMS 0x0000000085c00000, 0x0000000085c00000| Untracked 
|  93|0x0000000085d00000, 0x0000000085e00000, 0x0000000085e00000|100%| O|  |TAMS 0x0000000085d00000, 0x0000000085d00000| Untracked 
|  94|0x0000000085e00000, 0x0000000085f00000, 0x0000000085f00000|100%| O|  |TAMS 0x0000000085e00000, 0x0000000085e00000| Untracked 
|  95|0x0000000085f00000, 0x0000000086000000, 0x0000000086000000|100%| O|  |TAMS 0x0000000085f00000, 0x0000000085f00000| Untracked 
|  96|0x0000000086000000, 0x0000000086100000, 0x0000000086100000|100%| O|  |TAMS 0x0000000086000000, 0x0000000086000000| Untracked 
|  97|0x0000000086100000, 0x0000000086200000, 0x0000000086200000|100%| O|  |TAMS 0x0000000086100000, 0x0000000086100000| Untracked 
|  98|0x0000000086200000, 0x0000000086300000, 0x0000000086300000|100%| O|  |TAMS 0x0000000086200000, 0x0000000086200000| Untracked 
|  99|0x0000000086300000, 0x0000000086400000, 0x0000000086400000|100%| O|  |TAMS 0x0000000086300000, 0x0000000086300000| Untracked 
| 100|0x0000000086400000, 0x0000000086500000, 0x0000000086500000|100%| O|  |TAMS 0x0000000086400000, 0x0000000086400000| Untracked 
| 101|0x0000000086500000, 0x0000000086600000, 0x0000000086600000|100%|HS|  |TAMS 0x0000000086500000, 0x0000000086500000| Complete 
| 102|0x0000000086600000, 0x0000000086700000, 0x0000000086700000|100%|HS|  |TAMS 0x0000000086600000, 0x0000000086600000| Complete 
| 103|0x0000000086700000, 0x0000000086800000, 0x0000000086800000|100%|HS|  |TAMS 0x0000000086700000, 0x0000000086700000| Complete 
| 104|0x0000000086800000, 0x0000000086900000, 0x0000000086900000|100%|HC|  |TAMS 0x0000000086800000, 0x0000000086800000| Complete 
| 105|0x0000000086900000, 0x0000000086a00000, 0x0000000086a00000|100%| O|  |TAMS 0x0000000086900000, 0x0000000086900000| Untracked 
| 106|0x0000000086a00000, 0x0000000086b00000, 0x0000000086b00000|100%| O|  |TAMS 0x0000000086a00000, 0x0000000086a00000| Untracked 
| 107|0x0000000086b00000, 0x0000000086c00000, 0x0000000086c00000|100%| O|  |TAMS 0x0000000086b00000, 0x0000000086b00000| Untracked 
| 108|0x0000000086c00000, 0x0000000086d00000, 0x0000000086d00000|100%| O|  |TAMS 0x0000000086c00000, 0x0000000086c00000| Untracked 
| 109|0x0000000086d00000, 0x0000000086e00000, 0x0000000086e00000|100%| O|  |TAMS 0x0000000086d00000, 0x0000000086d00000| Untracked 
| 110|0x0000000086e00000, 0x0000000086f00000, 0x0000000086f00000|100%| O|  |TAMS 0x0000000086e00000, 0x0000000086e00000| Untracked 
| 111|0x0000000086f00000, 0x0000000087000000, 0x0000000087000000|100%| O|  |TAMS 0x0000000086f00000, 0x0000000086f00000| Untracked 
| 112|0x0000000087000000, 0x0000000087100000, 0x0000000087100000|100%| O|  |TAMS 0x0000000087000000, 0x0000000087000000| Untracked 
| 113|0x0000000087100000, 0x0000000087200000, 0x0000000087200000|100%| O|  |TAMS 0x0000000087100000, 0x0000000087100000| Untracked 
| 114|0x0000000087200000, 0x0000000087300000, 0x0000000087300000|100%| O|  |TAMS 0x0000000087200000, 0x0000000087200000| Untracked 
| 115|0x0000000087300000, 0x0000000087400000, 0x0000000087400000|100%| O|  |TAMS 0x0000000087300000, 0x0000000087300000| Untracked 
| 116|0x0000000087400000, 0x0000000087500000, 0x0000000087500000|100%| O|  |TAMS 0x0000000087400000, 0x0000000087400000| Untracked 
| 117|0x0000000087500000, 0x0000000087600000, 0x0000000087600000|100%| O|  |TAMS 0x0000000087500000, 0x0000000087500000| Untracked 
| 118|0x0000000087600000, 0x0000000087700000, 0x0000000087700000|100%| O|  |TAMS 0x0000000087600000, 0x0000000087600000| Untracked 
| 119|0x0000000087700000, 0x0000000087800000, 0x0000000087800000|100%| O|  |TAMS 0x0000000087700000, 0x0000000087700000| Untracked 
| 120|0x0000000087800000, 0x0000000087900000, 0x0000000087900000|100%| O|  |TAMS 0x0000000087800000, 0x0000000087800000| Untracked 
| 121|0x0000000087900000, 0x0000000087a00000, 0x0000000087a00000|100%| O|  |TAMS 0x0000000087900000, 0x0000000087900000| Untracked 
| 122|0x0000000087a00000, 0x0000000087b00000, 0x0000000087b00000|100%| O|  |TAMS 0x0000000087a00000, 0x0000000087a00000| Untracked 
| 123|0x0000000087b00000, 0x0000000087c00000, 0x0000000087c00000|100%| O|  |TAMS 0x0000000087b00000, 0x0000000087b00000| Untracked 
| 124|0x0000000087c00000, 0x0000000087d00000, 0x0000000087d00000|100%| O|  |TAMS 0x0000000087c00000, 0x0000000087c00000| Untracked 
| 125|0x0000000087d00000, 0x0000000087e00000, 0x0000000087e00000|100%| O|  |TAMS 0x0000000087d00000, 0x0000000087d00000| Untracked 
| 126|0x0000000087e00000, 0x0000000087f00000, 0x0000000087f00000|100%| O|  |TAMS 0x0000000087e00000, 0x0000000087e00000| Untracked 
| 127|0x0000000087f00000, 0x0000000088000000, 0x0000000088000000|100%| O|  |TAMS 0x0000000087f00000, 0x0000000087f00000| Untracked 
| 128|0x0000000088000000, 0x0000000088100000, 0x0000000088100000|100%| O|  |TAMS 0x0000000088000000, 0x0000000088000000| Untracked 
| 129|0x0000000088100000, 0x0000000088200000, 0x0000000088200000|100%| O|  |TAMS 0x0000000088100000, 0x0000000088100000| Untracked 
| 130|0x0000000088200000, 0x0000000088300000, 0x0000000088300000|100%| O|  |TAMS 0x0000000088200000, 0x0000000088200000| Untracked 
| 131|0x0000000088300000, 0x0000000088400000, 0x0000000088400000|100%| O|  |TAMS 0x0000000088300000, 0x0000000088300000| Untracked 
| 132|0x0000000088400000, 0x0000000088500000, 0x0000000088500000|100%| O|  |TAMS 0x0000000088400000, 0x0000000088400000| Untracked 
| 133|0x0000000088500000, 0x0000000088600000, 0x0000000088600000|100%| O|  |TAMS 0x0000000088500000, 0x0000000088500000| Untracked 
| 134|0x0000000088600000, 0x0000000088700000, 0x0000000088700000|100%| O|  |TAMS 0x0000000088600000, 0x0000000088600000| Untracked 
| 135|0x0000000088700000, 0x0000000088800000, 0x0000000088800000|100%| O|  |TAMS 0x0000000088700000, 0x0000000088700000| Untracked 
| 136|0x0000000088800000, 0x0000000088900000, 0x0000000088900000|100%| O|  |TAMS 0x0000000088800000, 0x0000000088800000| Untracked 
| 137|0x0000000088900000, 0x0000000088a00000, 0x0000000088a00000|100%| O|  |TAMS 0x0000000088900000, 0x0000000088900000| Untracked 
| 138|0x0000000088a00000, 0x0000000088b00000, 0x0000000088b00000|100%| O|  |TAMS 0x0000000088a00000, 0x0000000088a00000| Untracked 
| 139|0x0000000088b00000, 0x0000000088c00000, 0x0000000088c00000|100%| O|  |TAMS 0x0000000088b00000, 0x0000000088b00000| Untracked 
| 140|0x0000000088c00000, 0x0000000088d00000, 0x0000000088d00000|100%| O|  |TAMS 0x0000000088c00000, 0x0000000088c00000| Untracked 
| 141|0x0000000088d00000, 0x0000000088e00000, 0x0000000088e00000|100%| O|  |TAMS 0x0000000088d00000, 0x0000000088d00000| Untracked 
| 142|0x0000000088e00000, 0x0000000088f00000, 0x0000000088f00000|100%| O|  |TAMS 0x0000000088e00000, 0x0000000088e00000| Untracked 
| 143|0x0000000088f00000, 0x0000000089000000, 0x0000000089000000|100%| O|  |TAMS 0x0000000088f00000, 0x0000000088f00000| Untracked 
| 144|0x0000000089000000, 0x0000000089100000, 0x0000000089100000|100%| O|  |TAMS 0x0000000089000000, 0x0000000089000000| Untracked 
| 145|0x0000000089100000, 0x0000000089200000, 0x0000000089200000|100%| O|  |TAMS 0x0000000089100000, 0x0000000089100000| Untracked 
| 146|0x0000000089200000, 0x0000000089300000, 0x0000000089300000|100%| O|  |TAMS 0x0000000089200000, 0x0000000089200000| Untracked 
| 147|0x0000000089300000, 0x0000000089400000, 0x0000000089400000|100%| O|  |TAMS 0x0000000089300000, 0x0000000089300000| Untracked 
| 148|0x0000000089400000, 0x0000000089500000, 0x0000000089500000|100%| O|  |TAMS 0x0000000089400000, 0x0000000089400000| Untracked 
| 149|0x0000000089500000, 0x0000000089600000, 0x0000000089600000|100%| O|  |TAMS 0x0000000089500000, 0x0000000089500000| Untracked 
| 150|0x0000000089600000, 0x0000000089700000, 0x0000000089700000|100%| O|  |TAMS 0x0000000089600000, 0x0000000089600000| Untracked 
| 151|0x0000000089700000, 0x0000000089800000, 0x0000000089800000|100%| O|  |TAMS 0x0000000089700000, 0x0000000089700000| Untracked 
| 152|0x0000000089800000, 0x0000000089900000, 0x0000000089900000|100%| O|  |TAMS 0x0000000089800000, 0x0000000089800000| Untracked 
| 153|0x0000000089900000, 0x0000000089a00000, 0x0000000089a00000|100%| O|  |TAMS 0x0000000089900000, 0x0000000089900000| Untracked 
| 154|0x0000000089a00000, 0x0000000089b00000, 0x0000000089b00000|100%| O|  |TAMS 0x0000000089a00000, 0x0000000089a00000| Untracked 
| 155|0x0000000089b00000, 0x0000000089c00000, 0x0000000089c00000|100%| O|  |TAMS 0x0000000089b00000, 0x0000000089b00000| Untracked 
| 156|0x0000000089c00000, 0x0000000089d00000, 0x0000000089d00000|100%| O|  |TAMS 0x0000000089c00000, 0x0000000089c00000| Untracked 
| 157|0x0000000089d00000, 0x0000000089e00000, 0x0000000089e00000|100%| O|  |TAMS 0x0000000089d00000, 0x0000000089d00000| Untracked 
| 158|0x0000000089e00000, 0x0000000089f00000, 0x0000000089f00000|100%| O|  |TAMS 0x0000000089e00000, 0x0000000089e00000| Untracked 
| 159|0x0000000089f00000, 0x000000008a000000, 0x000000008a000000|100%| O|  |TAMS 0x0000000089f00000, 0x0000000089f00000| Untracked 
| 160|0x000000008a000000, 0x000000008a100000, 0x000000008a100000|100%| O|  |TAMS 0x000000008a000000, 0x000000008a000000| Untracked 
| 161|0x000000008a100000, 0x000000008a200000, 0x000000008a200000|100%| O|  |TAMS 0x000000008a100000, 0x000000008a100000| Untracked 
| 162|0x000000008a200000, 0x000000008a300000, 0x000000008a300000|100%| O|  |TAMS 0x000000008a200000, 0x000000008a200000| Untracked 
| 163|0x000000008a300000, 0x000000008a400000, 0x000000008a400000|100%| O|  |TAMS 0x000000008a300000, 0x000000008a300000| Untracked 
| 164|0x000000008a400000, 0x000000008a500000, 0x000000008a500000|100%| O|  |TAMS 0x000000008a400000, 0x000000008a400000| Untracked 
| 165|0x000000008a500000, 0x000000008a600000, 0x000000008a600000|100%| O|  |TAMS 0x000000008a500000, 0x000000008a500000| Untracked 
| 166|0x000000008a600000, 0x000000008a700000, 0x000000008a700000|100%| O|  |TAMS 0x000000008a600000, 0x000000008a600000| Untracked 
| 167|0x000000008a700000, 0x000000008a800000, 0x000000008a800000|100%| O|  |TAMS 0x000000008a700000, 0x000000008a700000| Untracked 
| 168|0x000000008a800000, 0x000000008a900000, 0x000000008a900000|100%| O|  |TAMS 0x000000008a800000, 0x000000008a800000| Untracked 
| 169|0x000000008a900000, 0x000000008aa00000, 0x000000008aa00000|100%| O|  |TAMS 0x000000008a900000, 0x000000008a900000| Untracked 
| 170|0x000000008aa00000, 0x000000008ab00000, 0x000000008ab00000|100%| O|  |TAMS 0x000000008aa00000, 0x000000008aa00000| Untracked 
| 171|0x000000008ab00000, 0x000000008ac00000, 0x000000008ac00000|100%| O|  |TAMS 0x000000008ab00000, 0x000000008ab00000| Untracked 
| 172|0x000000008ac00000, 0x000000008ad00000, 0x000000008ad00000|100%| O|  |TAMS 0x000000008ac00000, 0x000000008ac00000| Untracked 
| 173|0x000000008ad00000, 0x000000008ae00000, 0x000000008ae00000|100%| O|  |TAMS 0x000000008ad00000, 0x000000008ad00000| Untracked 
| 174|0x000000008ae00000, 0x000000008af00000, 0x000000008af00000|100%| O|  |TAMS 0x000000008ae00000, 0x000000008ae00000| Untracked 
| 175|0x000000008af00000, 0x000000008b000000, 0x000000008b000000|100%| O|  |TAMS 0x000000008af00000, 0x000000008af00000| Untracked 
| 176|0x000000008b000000, 0x000000008b100000, 0x000000008b100000|100%| O|  |TAMS 0x000000008b000000, 0x000000008b000000| Untracked 
| 177|0x000000008b100000, 0x000000008b200000, 0x000000008b200000|100%| O|  |TAMS 0x000000008b100000, 0x000000008b100000| Untracked 
| 178|0x000000008b200000, 0x000000008b300000, 0x000000008b300000|100%| O|  |TAMS 0x000000008b200000, 0x000000008b200000| Untracked 
| 179|0x000000008b300000, 0x000000008b398e00, 0x000000008b400000| 59%| O|  |TAMS 0x000000008b300000, 0x000000008b300000| Untracked 
| 180|0x000000008b400000, 0x000000008b400000, 0x000000008b500000|  0%| F|  |TAMS 0x000000008b400000, 0x000000008b400000| Untracked 
| 181|0x000000008b500000, 0x000000008b500000, 0x000000008b600000|  0%| F|  |TAMS 0x000000008b500000, 0x000000008b500000| Untracked 
| 182|0x000000008b600000, 0x000000008b700000, 0x000000008b700000|100%| O|  |TAMS 0x000000008b600000, 0x000000008b600000| Untracked 
| 183|0x000000008b700000, 0x000000008b800000, 0x000000008b800000|100%| O|  |TAMS 0x000000008b700000, 0x000000008b700000| Untracked 
| 184|0x000000008b800000, 0x000000008b900000, 0x000000008b900000|100%| O|  |TAMS 0x000000008b800000, 0x000000008b800000| Untracked 
| 185|0x000000008b900000, 0x000000008ba00000, 0x000000008ba00000|100%| O|  |TAMS 0x000000008b900000, 0x000000008b900000| Untracked 
| 186|0x000000008ba00000, 0x000000008bb00000, 0x000000008bb00000|100%| O|  |TAMS 0x000000008ba00000, 0x000000008ba00000| Untracked 
| 187|0x000000008bb00000, 0x000000008bc00000, 0x000000008bc00000|100%| O|  |TAMS 0x000000008bb00000, 0x000000008bb00000| Untracked 
| 188|0x000000008bc00000, 0x000000008bd00000, 0x000000008bd00000|100%| O|  |TAMS 0x000000008bc00000, 0x000000008bc00000| Untracked 
| 189|0x000000008bd00000, 0x000000008be00000, 0x000000008be00000|100%| O|  |TAMS 0x000000008bd00000, 0x000000008bd00000| Untracked 
| 190|0x000000008be00000, 0x000000008bf00000, 0x000000008bf00000|100%| O|  |TAMS 0x000000008be00000, 0x000000008be00000| Untracked 
| 191|0x000000008bf00000, 0x000000008c000000, 0x000000008c000000|100%| O|  |TAMS 0x000000008bf00000, 0x000000008bf00000| Untracked 
| 192|0x000000008c000000, 0x000000008c100000, 0x000000008c100000|100%| O|  |TAMS 0x000000008c000000, 0x000000008c000000| Untracked 
| 193|0x000000008c100000, 0x000000008c200000, 0x000000008c200000|100%| O|  |TAMS 0x000000008c100000, 0x000000008c100000| Untracked 
| 194|0x000000008c200000, 0x000000008c300000, 0x000000008c300000|100%| O|  |TAMS 0x000000008c200000, 0x000000008c200000| Untracked 
| 195|0x000000008c300000, 0x000000008c400000, 0x000000008c400000|100%| O|  |TAMS 0x000000008c300000, 0x000000008c300000| Untracked 
| 196|0x000000008c400000, 0x000000008c400000, 0x000000008c500000|  0%| F|  |TAMS 0x000000008c400000, 0x000000008c400000| Untracked 
| 197|0x000000008c500000, 0x000000008c500000, 0x000000008c600000|  0%| F|  |TAMS 0x000000008c500000, 0x000000008c500000| Untracked 
| 198|0x000000008c600000, 0x000000008c600000, 0x000000008c700000|  0%| F|  |TAMS 0x000000008c600000, 0x000000008c600000| Untracked 
| 199|0x000000008c700000, 0x000000008c700000, 0x000000008c800000|  0%| F|  |TAMS 0x000000008c700000, 0x000000008c700000| Untracked 
| 200|0x000000008c800000, 0x000000008c800000, 0x000000008c900000|  0%| F|  |TAMS 0x000000008c800000, 0x000000008c800000| Untracked 
| 201|0x000000008c900000, 0x000000008c900000, 0x000000008ca00000|  0%| F|  |TAMS 0x000000008c900000, 0x000000008c900000| Untracked 
| 202|0x000000008ca00000, 0x000000008ca00000, 0x000000008cb00000|  0%| F|  |TAMS 0x000000008ca00000, 0x000000008ca00000| Untracked 
| 203|0x000000008cb00000, 0x000000008cb00000, 0x000000008cc00000|  0%| F|  |TAMS 0x000000008cb00000, 0x000000008cb00000| Untracked 
| 204|0x000000008cc00000, 0x000000008cc00000, 0x000000008cd00000|  0%| F|  |TAMS 0x000000008cc00000, 0x000000008cc00000| Untracked 
| 205|0x000000008cd00000, 0x000000008cd00000, 0x000000008ce00000|  0%| F|  |TAMS 0x000000008cd00000, 0x000000008cd00000| Untracked 
| 206|0x000000008ce00000, 0x000000008ce00000, 0x000000008cf00000|  0%| F|  |TAMS 0x000000008ce00000, 0x000000008ce00000| Untracked 
| 207|0x000000008cf00000, 0x000000008cf00000, 0x000000008d000000|  0%| F|  |TAMS 0x000000008cf00000, 0x000000008cf00000| Untracked 
| 208|0x000000008d000000, 0x000000008d000000, 0x000000008d100000|  0%| F|  |TAMS 0x000000008d000000, 0x000000008d000000| Untracked 
| 209|0x000000008d100000, 0x000000008d100000, 0x000000008d200000|  0%| F|  |TAMS 0x000000008d100000, 0x000000008d100000| Untracked 
| 210|0x000000008d200000, 0x000000008d200000, 0x000000008d300000|  0%| F|  |TAMS 0x000000008d200000, 0x000000008d200000| Untracked 
| 211|0x000000008d300000, 0x000000008d300000, 0x000000008d400000|  0%| F|  |TAMS 0x000000008d300000, 0x000000008d300000| Untracked 
| 212|0x000000008d400000, 0x000000008d400000, 0x000000008d500000|  0%| F|  |TAMS 0x000000008d400000, 0x000000008d400000| Untracked 
| 213|0x000000008d500000, 0x000000008d500000, 0x000000008d600000|  0%| F|  |TAMS 0x000000008d500000, 0x000000008d500000| Untracked 
| 214|0x000000008d600000, 0x000000008d600000, 0x000000008d700000|  0%| F|  |TAMS 0x000000008d600000, 0x000000008d600000| Untracked 
| 215|0x000000008d700000, 0x000000008d700000, 0x000000008d800000|  0%| F|  |TAMS 0x000000008d700000, 0x000000008d700000| Untracked 
| 216|0x000000008d800000, 0x000000008d800000, 0x000000008d900000|  0%| F|  |TAMS 0x000000008d800000, 0x000000008d800000| Untracked 
| 217|0x000000008d900000, 0x000000008d900000, 0x000000008da00000|  0%| F|  |TAMS 0x000000008d900000, 0x000000008d900000| Untracked 
| 218|0x000000008da00000, 0x000000008da00000, 0x000000008db00000|  0%| F|  |TAMS 0x000000008da00000, 0x000000008da00000| Untracked 
| 219|0x000000008db00000, 0x000000008db00000, 0x000000008dc00000|  0%| F|  |TAMS 0x000000008db00000, 0x000000008db00000| Untracked 
| 220|0x000000008dc00000, 0x000000008dc00000, 0x000000008dd00000|  0%| F|  |TAMS 0x000000008dc00000, 0x000000008dc00000| Untracked 
| 221|0x000000008dd00000, 0x000000008dd13b78, 0x000000008de00000|  7%| S|CS|TAMS 0x000000008dd00000, 0x000000008dd00000| Complete 
| 222|0x000000008de00000, 0x000000008df00000, 0x000000008df00000|100%| S|CS|TAMS 0x000000008de00000, 0x000000008de00000| Complete 
| 223|0x000000008df00000, 0x000000008df00000, 0x000000008e000000|  0%| F|  |TAMS 0x000000008df00000, 0x000000008df00000| Untracked 
| 224|0x000000008e000000, 0x000000008e000000, 0x000000008e100000|  0%| F|  |TAMS 0x000000008e000000, 0x000000008e000000| Untracked 
| 225|0x000000008e100000, 0x000000008e100000, 0x000000008e200000|  0%| F|  |TAMS 0x000000008e100000, 0x000000008e100000| Untracked 
| 226|0x000000008e200000, 0x000000008e200000, 0x000000008e300000|  0%| F|  |TAMS 0x000000008e200000, 0x000000008e200000| Untracked 
| 227|0x000000008e300000, 0x000000008e400000, 0x000000008e400000|100%| S|CS|TAMS 0x000000008e300000, 0x000000008e300000| Complete 
| 228|0x000000008e400000, 0x000000008e500000, 0x000000008e500000|100%| S|CS|TAMS 0x000000008e400000, 0x000000008e400000| Complete 
| 229|0x000000008e500000, 0x000000008e500000, 0x000000008e600000|  0%| F|  |TAMS 0x000000008e500000, 0x000000008e500000| Untracked 
| 230|0x000000008e600000, 0x000000008e600000, 0x000000008e700000|  0%| F|  |TAMS 0x000000008e600000, 0x000000008e600000| Untracked 
| 231|0x000000008e700000, 0x000000008e7130d8, 0x000000008e800000|  7%| E|  |TAMS 0x000000008e700000, 0x000000008e700000| Complete 
| 232|0x000000008e800000, 0x000000008e900000, 0x000000008e900000|100%| E|CS|TAMS 0x000000008e800000, 0x000000008e800000| Complete 
| 233|0x000000008e900000, 0x000000008ea00000, 0x000000008ea00000|100%| E|CS|TAMS 0x000000008e900000, 0x000000008e900000| Complete 
| 234|0x000000008ea00000, 0x000000008eb00000, 0x000000008eb00000|100%| E|CS|TAMS 0x000000008ea00000, 0x000000008ea00000| Complete 
| 235|0x000000008eb00000, 0x000000008ec00000, 0x000000008ec00000|100%| E|CS|TAMS 0x000000008eb00000, 0x000000008eb00000| Complete 
| 236|0x000000008ec00000, 0x000000008ed00000, 0x000000008ed00000|100%| E|CS|TAMS 0x000000008ec00000, 0x000000008ec00000| Complete 
| 237|0x000000008ed00000, 0x000000008ee00000, 0x000000008ee00000|100%| E|CS|TAMS 0x000000008ed00000, 0x000000008ed00000| Complete 
| 238|0x000000008ee00000, 0x000000008ef00000, 0x000000008ef00000|100%| E|CS|TAMS 0x000000008ee00000, 0x000000008ee00000| Complete 
| 239|0x000000008ef00000, 0x000000008f000000, 0x000000008f000000|100%| E|CS|TAMS 0x000000008ef00000, 0x000000008ef00000| Complete 
| 240|0x000000008f000000, 0x000000008f0fffd0, 0x000000008f100000| 99%| E|  |TAMS 0x000000008f000000, 0x000000008f000000| Complete 
| 241|0x000000008f100000, 0x000000008f200000, 0x000000008f200000|100%| E|CS|TAMS 0x000000008f100000, 0x000000008f100000| Complete 
| 242|0x000000008f200000, 0x000000008f300000, 0x000000008f300000|100%| E|CS|TAMS 0x000000008f200000, 0x000000008f200000| Complete 
| 243|0x000000008f300000, 0x000000008f400000, 0x000000008f400000|100%| E|CS|TAMS 0x000000008f300000, 0x000000008f300000| Complete 
| 244|0x000000008f400000, 0x000000008f500000, 0x000000008f500000|100%| E|CS|TAMS 0x000000008f400000, 0x000000008f400000| Complete 
| 245|0x000000008f500000, 0x000000008f600000, 0x000000008f600000|100%| E|CS|TAMS 0x000000008f500000, 0x000000008f500000| Complete 
| 246|0x000000008f600000, 0x000000008f700000, 0x000000008f700000|100%| E|CS|TAMS 0x000000008f600000, 0x000000008f600000| Complete 
| 247|0x000000008f700000, 0x000000008f800000, 0x000000008f800000|100%| E|CS|TAMS 0x000000008f700000, 0x000000008f700000| Complete 
| 248|0x000000008f800000, 0x000000008f900000, 0x000000008f900000|100%| E|CS|TAMS 0x000000008f800000, 0x000000008f800000| Complete 
| 249|0x000000008f900000, 0x000000008fa00000, 0x000000008fa00000|100%| E|CS|TAMS 0x000000008f900000, 0x000000008f900000| Complete 
| 250|0x000000008fa00000, 0x000000008fb00000, 0x000000008fb00000|100%| E|CS|TAMS 0x000000008fa00000, 0x000000008fa00000| Complete 
| 251|0x000000008fb00000, 0x000000008fc00000, 0x000000008fc00000|100%| E|CS|TAMS 0x000000008fb00000, 0x000000008fb00000| Complete 
| 252|0x000000008fc00000, 0x000000008fd00000, 0x000000008fd00000|100%| E|CS|TAMS 0x000000008fc00000, 0x000000008fc00000| Complete 

Card table byte_map: [0x000001fe2d170000,0x000001fe2d570000] _byte_map_base: 0x000001fe2cd70000

Marking Bits (Prev, Next): (CMBitMap*) 0x000001fe15fdbf10, (CMBitMap*) 0x000001fe15fdbed0
 Prev Bits: [0x000001fe2f970000, 0x000001fe31970000)
 Next Bits: [0x000001fe2d970000, 0x000001fe2f970000)

Polling page: 0x000001fe15720000

Metaspace:

Usage:
  Non-class:     88.60 MB used.
      Class:     13.77 MB used.
       Both:    102.37 MB used.

Virtual space:
  Non-class space:       96.00 MB reserved,      89.19 MB ( 93%) committed,  12 nodes.
      Class space:      412.00 MB reserved,      14.31 MB (  3%) committed,  1 nodes.
             Both:      508.00 MB reserved,     103.50 MB ( 20%) committed. 

Chunk freelists:
   Non-Class:  2.38 MB
       Class:  1.52 MB
        Both:  3.89 MB

MaxMetaspaceSize: 512.00 MB
CompressedClassSpaceSize: 412.00 MB
Initial GC threshold: 21.00 MB
Current GC threshold: 109.31 MB
CDS: on
MetaspaceReclaimPolicy: balanced
 - commit_granule_bytes: 65536.
 - commit_granule_words: 8192.
 - virtual_space_node_default_size: 1048576.
 - enlarge_chunks_in_place: 1.
 - new_chunks_are_fully_committed: 0.
 - uncommit_free_chunks: 1.
 - use_allocation_guard: 0.
 - handle_deallocations: 1.


Internal statistics:

num_allocs_failed_limit: 6.
num_arena_births: 1672.
num_arena_deaths: 0.
num_vsnodes_births: 13.
num_vsnodes_deaths: 0.
num_space_committed: 1656.
num_space_uncommitted: 0.
num_chunks_returned_to_freelist: 6.
num_chunks_taken_from_freelist: 6329.
num_chunk_merges: 6.
num_chunk_splits: 4052.
num_chunks_enlarged: 2480.
num_purges: 0.
num_inconsistent_stats: 0.

CodeHeap 'non-profiled nmethods': size=120000Kb used=9662Kb max_used=9662Kb free=110337Kb
 bounds [0x000001fe25510000, 0x000001fe25e80000, 0x000001fe2ca40000]
CodeHeap 'profiled nmethods': size=120000Kb used=29144Kb max_used=29144Kb free=90855Kb
 bounds [0x000001fe1dfe0000, 0x000001fe1fc60000, 0x000001fe25510000]
CodeHeap 'non-nmethods': size=5760Kb used=2418Kb max_used=2499Kb free=3341Kb
 bounds [0x000001fe1da40000, 0x000001fe1dcc0000, 0x000001fe1dfe0000]
 total_blobs=16900 nmethods=15941 adapters=870
 compilation: enabled
              stopped_count=0, restarted_count=0
 full_count=0

Compilation events (20 events):
Event: 147.902 Thread 0x000001fe343c01d0 nmethod 18616 0x000001fe25e77290 code [0x000001fe25e77500, 0x000001fe25e790d8]
Event: 147.903 Thread 0x000001fe343c01d0 18623       4       org.gradle.internal.snapshot.VfsRelativePath::compareToFirstSegment (203 bytes)
Event: 147.970 Thread 0x000001fe343c01d0 nmethod 18623 0x000001fe25e7a410 code [0x000001fe25e7a620, 0x000001fe25e7bb58]
Event: 147.970 Thread 0x000001fe343c01d0 18625   !   4       java.util.stream.ReferencePipeline$7$1::accept (127 bytes)
Event: 147.991 Thread 0x000001fe343c8c80 18634       3       sun.util.calendar.Gregorian$Date::getNormalizedYear (5 bytes)
Event: 147.992 Thread 0x000001fe343c8c80 nmethod 18634 0x000001fe1fc53b90 code [0x000001fe1fc53d20, 0x000001fe1fc53ed8]
Event: 147.992 Thread 0x000001fe343c8c80 18635       3       java.lang.StringBuilder::append (8 bytes)
Event: 147.992 Thread 0x000001fe343c8c80 nmethod 18635 0x000001fe1fc53f90 code [0x000001fe1fc54140, 0x000001fe1fc542e8]
Event: 147.998 Thread 0x000001fe343c8c80 18636       3       org.gradle.internal.logging.text.AbstractLineChoppingStyledTextOutput$1::execute (9 bytes)
Event: 147.999 Thread 0x000001fe343c8c80 nmethod 18636 0x000001fe1fc54410 code [0x000001fe1fc545c0, 0x000001fe1fc547e8]
Event: 147.999 Thread 0x000001fe343c8c80 18637       3       org.gradle.internal.logging.text.AbstractLineChoppingStyledTextOutput$1::execute (140 bytes)
Event: 148.009 Thread 0x000001fe343c8c80 nmethod 18637 0x000001fe1fc54890 code [0x000001fe1fc54bc0, 0x000001fe1fc55c58]
Event: 148.009 Thread 0x000001fe343c8c80 18638       1       org.gradle.internal.io.IOQuery$Result$1::isSuccessful (2 bytes)
Event: 148.009 Thread 0x000001fe343c8c80 nmethod 18638 0x000001fe25e7c390 code [0x000001fe25e7c520, 0x000001fe25e7c5f8]
Event: 148.010 Thread 0x000001fe343c8c80 18639       1       org.gradle.internal.io.IOQuery$Result$1::getValue (5 bytes)
Event: 148.010 Thread 0x000001fe343c8c80 nmethod 18639 0x000001fe25e7c690 code [0x000001fe25e7c820, 0x000001fe25e7c8f8]
Event: 148.010 Thread 0x000001fe343c8c80 18640       1       org.gradle.cache.internal.filelock.FileLockOutcome$3::getFileLock (5 bytes)
Event: 148.010 Thread 0x000001fe343c8c80 nmethod 18640 0x000001fe25e7c990 code [0x000001fe25e7cb20, 0x000001fe25e7cbf8]
Event: 148.039 Thread 0x000001fe343c01d0 nmethod 18625 0x000001fe25e7cc90 code [0x000001fe25e7cf80, 0x000001fe25e7e7f0]
Event: 148.039 Thread 0x000001fe343c01d0 18633       4       org.gradle.internal.snapshot.DirectorySnapshot$$Lambda$1133/0x000000080146ec10::accept (12 bytes)

GC Heap History (20 events):
Event: 108.202 GC heap before
{Heap before GC invocations=70 (full 0):
 garbage-first heap   total 259072K, used 215913K [0x0000000080000000, 0x0000000100000000)
  region size 1024K, 39 young (39936K), 5 survivors (5120K)
 Metaspace       used 102434K, committed 103552K, reserved 512000K
  class space    used 13802K, committed 14336K, reserved 421888K
}
Event: 108.208 GC heap after
{Heap after GC invocations=71 (full 0):
 garbage-first heap   total 259072K, used 184387K [0x0000000080000000, 0x0000000100000000)
  region size 1024K, 3 young (3072K), 3 survivors (3072K)
 Metaspace       used 102434K, committed 103552K, reserved 512000K
  class space    used 13802K, committed 14336K, reserved 421888K
}
Event: 109.711 GC heap before
{Heap before GC invocations=71 (full 0):
 garbage-first heap   total 259072K, used 222275K [0x0000000080000000, 0x0000000100000000)
  region size 1024K, 37 young (37888K), 3 survivors (3072K)
 Metaspace       used 102692K, committed 103808K, reserved 512000K
  class space    used 13836K, committed 14400K, reserved 421888K
}
Event: 109.717 GC heap after
{Heap after GC invocations=72 (full 0):
 garbage-first heap   total 259072K, used 190059K [0x0000000080000000, 0x0000000100000000)
  region size 1024K, 4 young (4096K), 4 survivors (4096K)
 Metaspace       used 102692K, committed 103808K, reserved 512000K
  class space    used 13836K, committed 14400K, reserved 421888K
}
Event: 110.219 GC heap before
{Heap before GC invocations=72 (full 0):
 garbage-first heap   total 259072K, used 224875K [0x0000000080000000, 0x0000000100000000)
  region size 1024K, 35 young (35840K), 4 survivors (4096K)
 Metaspace       used 102743K, committed 103872K, reserved 512000K
  class space    used 13838K, committed 14400K, reserved 421888K
}
Event: 110.226 GC heap after
{Heap after GC invocations=73 (full 0):
 garbage-first heap   total 259072K, used 188330K [0x0000000080000000, 0x0000000100000000)
  region size 1024K, 5 young (5120K), 5 survivors (5120K)
 Metaspace       used 102743K, committed 103872K, reserved 512000K
  class space    used 13838K, committed 14400K, reserved 421888K
}
Event: 110.812 GC heap before
{Heap before GC invocations=73 (full 0):
 garbage-first heap   total 259072K, used 229290K [0x0000000080000000, 0x0000000100000000)
  region size 1024K, 38 young (38912K), 5 survivors (5120K)
 Metaspace       used 102796K, committed 103936K, reserved 512000K
  class space    used 13847K, committed 14400K, reserved 421888K
}
Event: 110.818 GC heap after
{Heap after GC invocations=74 (full 0):
 garbage-first heap   total 259072K, used 194624K [0x0000000080000000, 0x0000000100000000)
  region size 1024K, 5 young (5120K), 5 survivors (5120K)
 Metaspace       used 102796K, committed 103936K, reserved 512000K
  class space    used 13847K, committed 14400K, reserved 421888K
}
Event: 111.302 GC heap before
{Heap before GC invocations=74 (full 0):
 garbage-first heap   total 259072K, used 226368K [0x0000000080000000, 0x0000000100000000)
  region size 1024K, 33 young (33792K), 5 survivors (5120K)
 Metaspace       used 102880K, committed 104064K, reserved 512000K
  class space    used 13857K, committed 14400K, reserved 421888K
}
Event: 111.310 GC heap after
{Heap after GC invocations=75 (full 0):
 garbage-first heap   total 259072K, used 193029K [0x0000000080000000, 0x0000000100000000)
  region size 1024K, 5 young (5120K), 5 survivors (5120K)
 Metaspace       used 102880K, committed 104064K, reserved 512000K
  class space    used 13857K, committed 14400K, reserved 421888K
}
Event: 112.110 GC heap before
{Heap before GC invocations=75 (full 0):
 garbage-first heap   total 259072K, used 226821K [0x0000000080000000, 0x0000000100000000)
  region size 1024K, 35 young (35840K), 5 survivors (5120K)
 Metaspace       used 102921K, committed 104064K, reserved 512000K
  class space    used 13864K, committed 14400K, reserved 421888K
}
Event: 112.116 GC heap after
{Heap after GC invocations=76 (full 0):
 garbage-first heap   total 259072K, used 195039K [0x0000000080000000, 0x0000000100000000)
  region size 1024K, 5 young (5120K), 5 survivors (5120K)
 Metaspace       used 102921K, committed 104064K, reserved 512000K
  class space    used 13864K, committed 14400K, reserved 421888K
}
Event: 112.701 GC heap before
{Heap before GC invocations=76 (full 0):
 garbage-first heap   total 259072K, used 226783K [0x0000000080000000, 0x0000000100000000)
  region size 1024K, 33 young (33792K), 5 survivors (5120K)
 Metaspace       used 102922K, committed 104064K, reserved 512000K
  class space    used 13864K, committed 14400K, reserved 421888K
}
Event: 112.715 GC heap after
{Heap after GC invocations=77 (full 0):
 garbage-first heap   total 259072K, used 196681K [0x0000000080000000, 0x0000000100000000)
  region size 1024K, 4 young (4096K), 4 survivors (4096K)
 Metaspace       used 102922K, committed 104064K, reserved 512000K
  class space    used 13864K, committed 14400K, reserved 421888K
}
Event: 113.358 GC heap before
{Heap before GC invocations=77 (full 0):
 garbage-first heap   total 259072K, used 228425K [0x0000000080000000, 0x0000000100000000)
  region size 1024K, 32 young (32768K), 4 survivors (4096K)
 Metaspace       used 102938K, committed 104128K, reserved 512000K
  class space    used 13864K, committed 14400K, reserved 421888K
}
Event: 113.365 GC heap after
{Heap after GC invocations=78 (full 0):
 garbage-first heap   total 259072K, used 198372K [0x0000000080000000, 0x0000000100000000)
  region size 1024K, 4 young (4096K), 4 survivors (4096K)
 Metaspace       used 102938K, committed 104128K, reserved 512000K
  class space    used 13864K, committed 14400K, reserved 421888K
}
Event: 114.346 GC heap before
{Heap before GC invocations=78 (full 0):
 garbage-first heap   total 259072K, used 228068K [0x0000000080000000, 0x0000000100000000)
  region size 1024K, 30 young (30720K), 4 survivors (4096K)
 Metaspace       used 103043K, committed 104192K, reserved 512000K
  class space    used 13873K, committed 14400K, reserved 421888K
}
Event: 114.351 GC heap after
{Heap after GC invocations=79 (full 0):
 garbage-first heap   total 259072K, used 201984K [0x0000000080000000, 0x0000000100000000)
  region size 1024K, 4 young (4096K), 4 survivors (4096K)
 Metaspace       used 103043K, committed 104192K, reserved 512000K
  class space    used 13873K, committed 14400K, reserved 421888K
}
Event: 115.887 GC heap before
{Heap before GC invocations=79 (full 0):
 garbage-first heap   total 259072K, used 225536K [0x0000000080000000, 0x0000000100000000)
  region size 1024K, 28 young (28672K), 4 survivors (4096K)
 Metaspace       used 103463K, committed 104640K, reserved 520192K
  class space    used 13923K, committed 14464K, reserved 421888K
}
Event: 116.103 GC heap after
{Heap after GC invocations=80 (full 0):
 garbage-first heap   total 259072K, used 201394K [0x0000000080000000, 0x0000000100000000)
  region size 1024K, 4 young (4096K), 4 survivors (4096K)
 Metaspace       used 103463K, committed 104640K, reserved 520192K
  class space    used 13923K, committed 14464K, reserved 421888K
}

Dll operation events (12 events):
Event: 0.016 Loaded shared library C:\Program Files\Eclipse Adoptium\jdk-17.0.5.8-hotspot\bin\java.dll
Event: 0.045 Loaded shared library C:\Program Files\Eclipse Adoptium\jdk-17.0.5.8-hotspot\bin\jsvml.dll
Event: 0.131 Loaded shared library C:\Program Files\Eclipse Adoptium\jdk-17.0.5.8-hotspot\bin\net.dll
Event: 0.134 Loaded shared library C:\Program Files\Eclipse Adoptium\jdk-17.0.5.8-hotspot\bin\nio.dll
Event: 0.143 Loaded shared library C:\Program Files\Eclipse Adoptium\jdk-17.0.5.8-hotspot\bin\zip.dll
Event: 0.555 Loaded shared library C:\Program Files\Eclipse Adoptium\jdk-17.0.5.8-hotspot\bin\jimage.dll
Event: 0.681 Loaded shared library C:\Program Files\Eclipse Adoptium\jdk-17.0.5.8-hotspot\bin\verify.dll
Event: 0.983 Loaded shared library C:\Users\Owner\.gradle\native\68d5fa5c4cc2d200863cafc0d521ce42e7d3e7ee720ec0a83991735586a16f82\windows-amd64\native-platform.dll
Event: 1.032 Loaded shared library C:\Users\Owner\.gradle\native\e376f236ea51e6404a007f0833ffe2c6e607c4080706a723a18a27aeea778392\windows-amd64\native-platform-file-events.dll
Event: 3.776 Loaded shared library C:\Program Files\Eclipse Adoptium\jdk-17.0.5.8-hotspot\bin\management.dll
Event: 3.781 Loaded shared library C:\Program Files\Eclipse Adoptium\jdk-17.0.5.8-hotspot\bin\management_ext.dll
Event: 4.566 Loaded shared library C:\Program Files\Eclipse Adoptium\jdk-17.0.5.8-hotspot\bin\sunmscapi.dll

Deoptimization events (20 events):
Event: 147.809 Thread 0x000001fe34e14a70 Uncommon trap: trap_request=0xffffffbe fr.pc=0x000001fe25e6e928 relative=0x00000000000004e8
Event: 147.809 Thread 0x000001fe34e14a70 Uncommon trap: reason=profile_predicate action=maybe_recompile pc=0x000001fe25e6e928 method=java.util.stream.ReferencePipeline$7$1.accept(Ljava/lang/Object;)V @ 73 c2
Event: 147.809 Thread 0x000001fe34e14a70 DEOPT PACKING pc=0x000001fe25e6e928 sp=0x000000c3866fbe40
Event: 147.809 Thread 0x000001fe34e14a70 DEOPT UNPACKING pc=0x000001fe1da923a3 sp=0x000000c3866fbde8 mode 2
Event: 147.809 Thread 0x000001fe34e14a70 Uncommon trap: trap_request=0xffffffbe fr.pc=0x000001fe25e6e928 relative=0x00000000000004e8
Event: 147.809 Thread 0x000001fe34e14a70 Uncommon trap: reason=profile_predicate action=maybe_recompile pc=0x000001fe25e6e928 method=java.util.stream.ReferencePipeline$7$1.accept(Ljava/lang/Object;)V @ 73 c2
Event: 147.809 Thread 0x000001fe34e14a70 DEOPT PACKING pc=0x000001fe25e6e928 sp=0x000000c3866fbe40
Event: 147.809 Thread 0x000001fe34e14a70 DEOPT UNPACKING pc=0x000001fe1da923a3 sp=0x000000c3866fbde8 mode 2
Event: 147.992 Thread 0x000001fe39473e50 Uncommon trap: trap_request=0xffffff45 fr.pc=0x000001fe25e65180 relative=0x0000000000001340
Event: 147.992 Thread 0x000001fe39473e50 Uncommon trap: reason=unstable_if action=reinterpret pc=0x000001fe25e65180 method=org.gradle.internal.logging.text.AbstractLineChoppingStyledTextOutput$2.execute(Lorg/gradle/internal/logging/text/AbstractLineChoppingStyledTextOutput$StateContext;)V @ 34 c
Event: 147.992 Thread 0x000001fe39473e50 DEOPT PACKING pc=0x000001fe25e65180 sp=0x000000c38e2fdeb0
Event: 147.992 Thread 0x000001fe39473e50 DEOPT UNPACKING pc=0x000001fe1da923a3 sp=0x000000c38e2fdd08 mode 2
Event: 147.998 Thread 0x000001fe39473e50 Uncommon trap: trap_request=0xffffff45 fr.pc=0x000001fe259926d8 relative=0x0000000000000398
Event: 147.999 Thread 0x000001fe39473e50 Uncommon trap: reason=unstable_if action=reinterpret pc=0x000001fe259926d8 method=org.gradle.internal.logging.text.AbstractLineChoppingStyledTextOutput$2.execute(Lorg/gradle/internal/logging/text/AbstractLineChoppingStyledTextOutput$StateContext;)V @ 34 c
Event: 147.999 Thread 0x000001fe39473e50 DEOPT PACKING pc=0x000001fe259926d8 sp=0x000000c38e2fdd50
Event: 147.999 Thread 0x000001fe39473e50 DEOPT UNPACKING pc=0x000001fe1da923a3 sp=0x000000c38e2fdd10 mode 2
Event: 148.216 Thread 0x000001fe34e14a70 Uncommon trap: trap_request=0xffffff45 fr.pc=0x000001fe25af8ba8 relative=0x0000000000000968
Event: 148.216 Thread 0x000001fe34e14a70 Uncommon trap: reason=unstable_if action=reinterpret pc=0x000001fe25af8ba8 method=org.gradle.internal.operations.DefaultBuildOperationExecutor$ListenerAdapter.stop(Lorg/gradle/internal/operations/BuildOperationDescriptor;Lorg/gradle/internal/operations/Bu
Event: 148.216 Thread 0x000001fe34e14a70 DEOPT PACKING pc=0x000001fe25af8ba8 sp=0x000000c3866fd920
Event: 148.216 Thread 0x000001fe34e14a70 DEOPT UNPACKING pc=0x000001fe1da923a3 sp=0x000000c3866fd888 mode 2

Classes unloaded (0 events):
No events

Classes redefined (0 events):
No events

Internal exceptions (20 events):
Event: 111.021 Thread 0x000001fe37429f20 Exception <a 'java/lang/NoSuchMethodError'{0x000000008ef6ec38}: static Lcom/android/build/api/artifact/Artifact$Single;.<clinit>()V> (0x000000008ef6ec38) 
thrown [s\src\hotspot\share\prims\jni.cpp, line 1107]
Event: 111.021 Thread 0x000001fe37429f20 Exception <a 'java/lang/NoSuchMethodError'{0x000000008ef711c8}: static Ljava/lang/Object;.<clinit>()V> (0x000000008ef711c8) 
thrown [s\src\hotspot\share\prims\jni.cpp, line 1107]
Event: 111.025 Thread 0x000001fe37429f20 Exception <a 'java/lang/NoSuchMethodError'{0x000000008ef87888}: static Lcom/android/build/api/artifact/ArtifactKind;.<clinit>()V> (0x000000008ef87888) 
thrown [s\src\hotspot\share\prims\jni.cpp, line 1107]
Event: 111.025 Thread 0x000001fe37429f20 Exception <a 'java/lang/NoSuchMethodError'{0x000000008ef88a48}: static Lcom/android/build/api/artifact/ArtifactKind;.<clinit>()V> (0x000000008ef88a48) 
thrown [s\src\hotspot\share\prims\jni.cpp, line 1107]
Event: 111.753 Thread 0x000001fe37429f20 Exception <a 'sun/nio/fs/WindowsException'{0x000000008ef71d10}> (0x000000008ef71d10) 
thrown [s\src\hotspot\share\prims\jni.cpp, line 516]
Event: 112.055 Thread 0x000001fe37429f20 Exception <a 'sun/nio/fs/WindowsException'{0x000000008db55828}> (0x000000008db55828) 
thrown [s\src\hotspot\share\prims\jni.cpp, line 516]
Event: 114.960 Thread 0x000001fe37429f20 Exception <a 'java/lang/NoSuchMethodError'{0x000000008ea2f118}: static Ljava/lang/Object;.<clinit>()V> (0x000000008ea2f118) 
thrown [s\src\hotspot\share\prims\jni.cpp, line 1107]
Event: 117.283 Thread 0x000001fe37429f20 Exception <a 'java/lang/NoSuchMethodError'{0x000000008fc8b800}: 'java.lang.Object java.lang.invoke.DirectMethodHandle$Holder.invokeInterface(java.lang.Object, java.lang.Object, java.lang.Object, java.lang.Object)'> (0x000000008fc8b800) 
thrown [s\src\hotspot\share\interpreter\linkResolver.cpp, line 759]
Event: 146.880 Thread 0x000001fe39473e50 Exception <a 'sun/net/ConnectionResetException'{0x000000008fa512e0}: Connection reset> (0x000000008fa512e0) 
thrown [s\src\hotspot\share\prims\jni.cpp, line 535]
Event: 146.881 Thread 0x000001fe37429f20 Exception <a 'java/io/IOException'{0x000000008f0805f0}: Connection reset by peer> (0x000000008f0805f0) 
thrown [s\src\hotspot\share\prims\jni.cpp, line 535]
Event: 146.924 Thread 0x000001fe39473e50 Exception <a 'java/net/ConnectException'{0x000000008ef83240}: Connection refused: connect> (0x000000008ef83240) 
thrown [s\src\hotspot\share\prims\jni.cpp, line 535]
Event: 146.924 Thread 0x000001fe37429f20 Exception <a 'java/lang/reflect/InvocationTargetException'{0x000000008ef79938}> (0x000000008ef79938) 
thrown [s\src\hotspot\share\runtime\reflection.cpp, line 1121]
Event: 146.928 Thread 0x000001fe39473e50 Exception <a 'java/net/ConnectException'{0x000000008ef838a8}: Connection refused: connect> (0x000000008ef838a8) 
thrown [s\src\hotspot\share\prims\jni.cpp, line 535]
Event: 146.949 Thread 0x000001fe39473e50 Exception <a 'java/lang/NoSuchMethodError'{0x000000008efe6648}: 'java.lang.Object java.lang.invoke.DirectMethodHandle$Holder.invokeSpecial(java.lang.Object, java.lang.Object, int, java.lang.Object, java.lang.Object)'> (0x000000008efe6648) 
thrown [s\src\hotspot\share\interpreter\linkResolver.cpp, line 759]
Event: 146.950 Thread 0x000001fe39473e50 Exception <a 'java/lang/NoSuchMethodError'{0x000000008efea448}: 'java.lang.Object java.lang.invoke.Invokers$Holder.linkToTargetMethod(int, java.lang.Object, java.lang.Object, java.lang.Object)'> (0x000000008efea448) 
thrown [s\src\hotspot\share\interpreter\linkResolver.cpp, line 759]
Event: 146.987 Thread 0x000001fe38e35530 Exception <a 'java/lang/NoSuchMethodError'{0x000000008ee5db98}: static [Ljava/lang/StackTraceElement;.<clinit>()V> (0x000000008ee5db98) 
thrown [s\src\hotspot\share\prims\jni.cpp, line 1107]
Event: 147.025 Thread 0x000001fe38e35530 Exception <a 'java/lang/NoSuchMethodError'{0x000000008ed24a28}: static [B.<clinit>()V> (0x000000008ed24a28) 
thrown [s\src\hotspot\share\prims\jni.cpp, line 1107]
Event: 147.480 Thread 0x000001fe34f27f30 Exception <a 'sun/nio/fs/WindowsException'{0x000000008ec6e2b8}> (0x000000008ec6e2b8) 
thrown [s\src\hotspot\share\prims\jni.cpp, line 516]
Event: 147.993 Thread 0x000001fe39473e50 Exception <a 'java/net/ConnectException'{0x000000008e8c2bd8}: Connection refused: connect> (0x000000008e8c2bd8) 
thrown [s\src\hotspot\share\prims\jni.cpp, line 535]
Event: 147.998 Thread 0x000001fe39473e50 Exception <a 'java/net/ConnectException'{0x000000008e8c3140}: Connection refused: connect> (0x000000008e8c3140) 
thrown [s\src\hotspot\share\prims\jni.cpp, line 535]

VM Operations (20 events):
Event: 120.789 Executing VM operation: Cleanup
Event: 120.789 Executing VM operation: Cleanup done
Event: 122.790 Executing VM operation: Cleanup
Event: 122.790 Executing VM operation: Cleanup done
Event: 124.791 Executing VM operation: Cleanup
Event: 124.791 Executing VM operation: Cleanup done
Event: 126.795 Executing VM operation: Cleanup
Event: 126.795 Executing VM operation: Cleanup done
Event: 129.796 Executing VM operation: Cleanup
Event: 129.796 Executing VM operation: Cleanup done
Event: 133.806 Executing VM operation: Cleanup
Event: 133.806 Executing VM operation: Cleanup done
Event: 137.807 Executing VM operation: Cleanup
Event: 137.807 Executing VM operation: Cleanup done
Event: 147.531 Executing VM operation: HandshakeAllThreads
Event: 147.545 Executing VM operation: HandshakeAllThreads done
Event: 147.545 Executing VM operation: Cleanup
Event: 147.545 Executing VM operation: Cleanup done
Event: 148.546 Executing VM operation: Cleanup
Event: 148.559 Executing VM operation: Cleanup done

Events (20 events):
Event: 147.008 loading class java/util/Collections$EmptyListIterator
Event: 147.009 loading class java/util/Collections$EmptyListIterator done
Event: 147.418 loading class java/util/logging/LogRecord
Event: 147.420 loading class java/util/logging/LogRecord done
Event: 147.437 Thread 0x000001fe39474320 Thread exited: 0x000001fe39474320
Event: 147.474 Thread 0x000001fe34f27f30 Thread added: 0x000001fe34f27f30
Event: 147.561 Thread 0x000001fe34f27f30 Thread exited: 0x000001fe34f27f30
Event: 147.916 Thread 0x000001fe34f25d80 Thread exited: 0x000001fe34f25d80
Event: 147.934 Thread 0x000001fe38e2f4f0 Thread exited: 0x000001fe38e2f4f0
Event: 147.960 Thread 0x000001fe38e2fe90 Thread exited: 0x000001fe38e2fe90
Event: 147.967 Thread 0x000001fe39475660 Thread exited: 0x000001fe39475660
Event: 147.990 Thread 0x000001fe374290b0 Thread exited: 0x000001fe374290b0
Event: 148.046 Thread 0x000001fe38e31b70 Thread exited: 0x000001fe38e31b70
Event: 148.080 Thread 0x000001fe37429a50 Thread exited: 0x000001fe37429a50
Event: 148.083 Thread 0x000001fe37429f20 Thread exited: 0x000001fe37429f20
Event: 148.087 Thread 0x000001fe3742a8c0 Thread exited: 0x000001fe3742a8c0
Event: 148.087 Thread 0x000001fe34f23bd0 Thread exited: 0x000001fe34f23bd0
Event: 148.088 Thread 0x000001fe3742a3f0 Thread exited: 0x000001fe3742a3f0
Event: 148.088 Thread 0x000001fe34f21ef0 Thread exited: 0x000001fe34f21ef0
Event: 148.089 Thread 0x000001fe34f22890 Thread exited: 0x000001fe34f22890


Dynamic libraries:
0x00007ff656820000 - 0x00007ff65682e000 	C:\Program Files\Eclipse Adoptium\jdk-17.0.5.8-hotspot\bin\java.exe
0x00007ffe8dfd0000 - 0x00007ffe8e1c7000 	C:\Windows\SYSTEM32\ntdll.dll
0x00007ffe8d740000 - 0x00007ffe8d7fd000 	C:\Windows\System32\KERNEL32.DLL
0x00007ffe8bcc0000 - 0x00007ffe8bfb6000 	C:\Windows\System32\KERNELBASE.dll
0x0000000075be0000 - 0x0000000075f12000 	C:\Program Files\Norton Security\NortonData\22.20.4.57\Definitions\IPSDefs\20231114.064\IPSEng64.dll
0x00007ffe8cd60000 - 0x00007ffe8ce0e000 	C:\Windows\System32\ADVAPI32.dll
0x00007ffe8c830000 - 0x00007ffe8c8ce000 	C:\Windows\System32\msvcrt.dll
0x00007ffe8da70000 - 0x00007ffe8db0c000 	C:\Windows\System32\sechost.dll
0x00007ffe8ce40000 - 0x00007ffe8cf66000 	C:\Windows\System32\RPCRT4.dll
0x00007ffe8c660000 - 0x00007ffe8c668000 	C:\Windows\System32\PSAPI.DLL
0x00007ffe8b8d0000 - 0x00007ffe8b9d0000 	C:\Windows\System32\ucrtbase.dll
0x00007ffe496b0000 - 0x00007ffe496c7000 	C:\Program Files\Eclipse Adoptium\jdk-17.0.5.8-hotspot\bin\jli.dll
0x00007ffe513a0000 - 0x00007ffe513b9000 	C:\Program Files\Eclipse Adoptium\jdk-17.0.5.8-hotspot\bin\VCRUNTIME140.dll
0x00007ffe8d8d0000 - 0x00007ffe8da6e000 	C:\Windows\System32\USER32.dll
0x00007ffe8b800000 - 0x00007ffe8b822000 	C:\Windows\System32\win32u.dll
0x00007ffe7cec0000 - 0x00007ffe7d15a000 	C:\Windows\WinSxS\amd64_microsoft.windows.common-controls_6595b64144ccf1df_6.0.19041.3570_none_60bb2a3971f3e41a\COMCTL32.dll
0x00007ffe8ce10000 - 0x00007ffe8ce3c000 	C:\Windows\System32\GDI32.dll
0x00007ffe8b6b0000 - 0x00007ffe8b7ca000 	C:\Windows\System32\gdi32full.dll
0x00007ffe8b830000 - 0x00007ffe8b8cd000 	C:\Windows\System32\msvcp_win.dll
0x00007ffe8c6d0000 - 0x00007ffe8c700000 	C:\Windows\System32\IMM32.DLL
0x00007ffe83f50000 - 0x00007ffe83f5c000 	C:\Program Files\Eclipse Adoptium\jdk-17.0.5.8-hotspot\bin\vcruntime140_1.dll
0x00007ffe3e190000 - 0x00007ffe3e221000 	C:\Program Files\Eclipse Adoptium\jdk-17.0.5.8-hotspot\bin\msvcp140.dll
0x00007ffe25750000 - 0x00007ffe26394000 	C:\Program Files\Eclipse Adoptium\jdk-17.0.5.8-hotspot\bin\server\jvm.dll
0x00007ffe7bfb0000 - 0x00007ffe7bfb9000 	C:\Windows\SYSTEM32\WSOCK32.dll
0x00007ffe7cc30000 - 0x00007ffe7cc57000 	C:\Windows\SYSTEM32\WINMM.dll
0x00007ffe82530000 - 0x00007ffe8253a000 	C:\Windows\SYSTEM32\VERSION.dll
0x00007ffe8cc60000 - 0x00007ffe8cccb000 	C:\Windows\System32\WS2_32.dll
0x00007ffe89ea0000 - 0x00007ffe89eb2000 	C:\Windows\SYSTEM32\kernel.appcore.dll
0x00007ffe83ee0000 - 0x00007ffe83eea000 	C:\Program Files\Eclipse Adoptium\jdk-17.0.5.8-hotspot\bin\jimage.dll
0x00007ffe86200000 - 0x00007ffe863e4000 	C:\Windows\SYSTEM32\DBGHELP.DLL
0x00007ffe79980000 - 0x00007ffe799b4000 	C:\Windows\SYSTEM32\dbgcore.DLL
0x00007ffe8ba80000 - 0x00007ffe8bb02000 	C:\Windows\System32\bcryptPrimitives.dll
0x00007ffe463f0000 - 0x00007ffe46415000 	C:\Program Files\Eclipse Adoptium\jdk-17.0.5.8-hotspot\bin\java.dll
0x00007ffe39e10000 - 0x00007ffe39ee6000 	C:\Program Files\Eclipse Adoptium\jdk-17.0.5.8-hotspot\bin\jsvml.dll
0x00007ffe8cff0000 - 0x00007ffe8d734000 	C:\Windows\System32\SHELL32.dll
0x00007ffe86580000 - 0x00007ffe86d1b000 	C:\Windows\SYSTEM32\windows.storage.dll
0x00007ffe8c300000 - 0x00007ffe8c654000 	C:\Windows\System32\combase.dll
0x00007ffe8b0f0000 - 0x00007ffe8b11d000 	C:\Windows\SYSTEM32\Wldp.dll
0x00007ffe8cad0000 - 0x00007ffe8cb7d000 	C:\Windows\System32\SHCORE.dll
0x00007ffe8c8d0000 - 0x00007ffe8c925000 	C:\Windows\System32\shlwapi.dll
0x00007ffe8b5e0000 - 0x00007ffe8b605000 	C:\Windows\SYSTEM32\profapi.dll
0x00007ffe45b50000 - 0x00007ffe45b69000 	C:\Program Files\Eclipse Adoptium\jdk-17.0.5.8-hotspot\bin\net.dll
0x00007ffe7f960000 - 0x00007ffe7fa6a000 	C:\Windows\SYSTEM32\WINHTTP.dll
0x00007ffe8ae50000 - 0x00007ffe8aeba000 	C:\Windows\system32\mswsock.dll
0x00007ffe45340000 - 0x00007ffe45355000 	C:\Program Files\Eclipse Adoptium\jdk-17.0.5.8-hotspot\bin\nio.dll
0x00007ffe44e60000 - 0x00007ffe44e78000 	C:\Program Files\Eclipse Adoptium\jdk-17.0.5.8-hotspot\bin\zip.dll
0x00007ffe83f60000 - 0x00007ffe83f70000 	C:\Program Files\Eclipse Adoptium\jdk-17.0.5.8-hotspot\bin\verify.dll
0x00007ffe5fe10000 - 0x00007ffe5fe37000 	C:\Users\Owner\.gradle\native\68d5fa5c4cc2d200863cafc0d521ce42e7d3e7ee720ec0a83991735586a16f82\windows-amd64\native-platform.dll
0x00007ffe2c130000 - 0x00007ffe2c274000 	C:\Users\Owner\.gradle\native\e376f236ea51e6404a007f0833ffe2c6e607c4080706a723a18a27aeea778392\windows-amd64\native-platform-file-events.dll
0x00007ffe83530000 - 0x00007ffe83539000 	C:\Program Files\Eclipse Adoptium\jdk-17.0.5.8-hotspot\bin\management.dll
0x00007ffe83520000 - 0x00007ffe8352b000 	C:\Program Files\Eclipse Adoptium\jdk-17.0.5.8-hotspot\bin\management_ext.dll
0x00007ffe8b050000 - 0x00007ffe8b068000 	C:\Windows\SYSTEM32\CRYPTSP.dll
0x00007ffe8a6b0000 - 0x00007ffe8a6e4000 	C:\Windows\system32\rsaenh.dll
0x00007ffe8b7d0000 - 0x00007ffe8b7f7000 	C:\Windows\System32\bcrypt.dll
0x00007ffe8b560000 - 0x00007ffe8b58e000 	C:\Windows\SYSTEM32\USERENV.dll
0x00007ffe8b040000 - 0x00007ffe8b04c000 	C:\Windows\SYSTEM32\CRYPTBASE.dll
0x00007ffe8aad0000 - 0x00007ffe8ab0b000 	C:\Windows\SYSTEM32\IPHLPAPI.DLL
0x00007ffe8db10000 - 0x00007ffe8db18000 	C:\Windows\System32\NSI.dll
0x00007ffe81390000 - 0x00007ffe813a7000 	C:\Windows\SYSTEM32\dhcpcsvc6.DLL
0x00007ffe81330000 - 0x00007ffe8134d000 	C:\Windows\SYSTEM32\dhcpcsvc.DLL
0x00007ffe8ab20000 - 0x00007ffe8abea000 	C:\Windows\SYSTEM32\DNSAPI.dll
0x00007ffe83510000 - 0x00007ffe8351e000 	C:\Program Files\Eclipse Adoptium\jdk-17.0.5.8-hotspot\bin\sunmscapi.dll
0x00007ffe8bb10000 - 0x00007ffe8bc6d000 	C:\Windows\System32\CRYPT32.dll
0x00007ffe8b160000 - 0x00007ffe8b187000 	C:\Windows\SYSTEM32\ncrypt.dll
0x00007ffe8b120000 - 0x00007ffe8b15b000 	C:\Windows\SYSTEM32\NTASN1.dll
0x00007ffe07dc0000 - 0x00007ffe07dc7000 	C:\Windows\system32\wshunix.dll
0x00007ffe80b10000 - 0x00007ffe80b1a000 	C:\Windows\System32\rasadhlp.dll
0x00007ffe7e7c0000 - 0x00007ffe7e842000 	C:\Windows\System32\fwpuclnt.dll

dbghelp: loaded successfully - version: 4.0.5 - missing functions: none
symbol engine: initialized successfully - sym options: 0x614 - pdb path: .;C:\Program Files\Eclipse Adoptium\jdk-17.0.5.8-hotspot\bin;C:\Windows\SYSTEM32;C:\Program Files\Norton Security\NortonData\22.20.4.57\Definitions\IPSDefs\20231114.064;C:\Windows\WinSxS\amd64_microsoft.windows.common-controls_6595b64144ccf1df_6.0.19041.3570_none_60bb2a3971f3e41a;C:\Program Files\Eclipse Adoptium\jdk-17.0.5.8-hotspot\bin\server;C:\Users\Owner\.gradle\native\68d5fa5c4cc2d200863cafc0d521ce42e7d3e7ee720ec0a83991735586a16f82\windows-amd64;C:\Users\Owner\.gradle\native\e376f236ea51e6404a007f0833ffe2c6e607c4080706a723a18a27aeea778392\windows-amd64

VM Arguments:
jvm_args: -XX:MaxMetaspaceSize=512m --add-opens=java.base/java.util=ALL-UNNAMED --add-opens=java.base/java.lang=ALL-UNNAMED --add-opens=java.base/java.lang.invoke=ALL-UNNAMED --add-opens=java.prefs/java.util.prefs=ALL-UNNAMED --add-opens=java.base/java.nio.charset=ALL-UNNAMED --add-opens=java.base/java.net=ALL-UNNAMED --add-opens=java.base/java.util.concurrent.atomic=ALL-UNNAMED -Xmx2048m -Dfile.encoding=UTF-8 -Duser.country=US -Duser.language=en -Duser.variant 
java_command: org.gradle.launcher.daemon.bootstrap.GradleDaemon 8.0.1
java_class_path (initial): C:\Users\Owner\.gradle\wrapper\dists\gradle-8.0.1-all\aro4hu1c3oeioove7l0i4i14o\gradle-8.0.1\lib\gradle-launcher-8.0.1.jar
Launcher Type: SUN_STANDARD

[Global flags]
     intx CICompilerCount                          = 4                                         {product} {ergonomic}
   size_t CompressedClassSpaceSize                 = 432013312                                 {product} {ergonomic}
     uint ConcGCThreads                            = 2                                         {product} {ergonomic}
     uint G1ConcRefinementThreads                  = 8                                         {product} {ergonomic}
   size_t G1HeapRegionSize                         = 1048576                                   {product} {ergonomic}
    uintx GCDrainStackTargetSize                   = 64                                        {product} {ergonomic}
   size_t InitialHeapSize                          = 132120576                                 {product} {ergonomic}
   size_t MarkStackSize                            = 4194304                                   {product} {ergonomic}
   size_t MaxHeapSize                              = 2147483648                                {product} {command line}
   size_t MaxMetaspaceSize                         = 536870912                                 {product} {command line}
   size_t MaxNewSize                               = 1287651328                                {product} {ergonomic}
   size_t MinHeapDeltaBytes                        = 1048576                                   {product} {ergonomic}
   size_t MinHeapSize                              = 8388608                                   {product} {ergonomic}
    uintx NonNMethodCodeHeapSize                   = 5839372                                {pd product} {ergonomic}
    uintx NonProfiledCodeHeapSize                  = 122909434                              {pd product} {ergonomic}
    uintx ProfiledCodeHeapSize                     = 122909434                              {pd product} {ergonomic}
    uintx ReservedCodeCacheSize                    = 251658240                              {pd product} {ergonomic}
     bool SegmentedCodeCache                       = true                                      {product} {ergonomic}
   size_t SoftMaxHeapSize                          = 2147483648                             {manageable} {ergonomic}
     bool UseCompressedClassPointers               = true                           {product lp64_product} {ergonomic}
     bool UseCompressedOops                        = true                           {product lp64_product} {ergonomic}
     bool UseG1GC                                  = true                                      {product} {ergonomic}
     bool UseLargePagesIndividualAllocation        = false                                  {pd product} {ergonomic}

Logging:
Log output configuration:
 #0: stdout all=warning uptime,level,tags
 #1: stderr all=off uptime,level,tags

Environment Variables:
JAVA_HOME=C:\Program Files\Eclipse Adoptium\jdk-17.0.5.8-hotspot
CLASSPATH=C:\Users\Owner\source\repos\tainolanguageprojectV2\android\\gradle\wrapper\gradle-wrapper.jar
PATH=C:\Users\Owner\source\repos\tainolanguageprojectV2\node_modules\.bin;C:\Users\Owner\source\repos\tainolanguageprojectV2\node_modules\.bin;C:\Users\Owner\source\repos\node_modules\.bin;C:\Users\Owner\source\node_modules\.bin;C:\Users\Owner\node_modules\.bin;C:\Users\node_modules\.bin;C:\node_modules\.bin;C:\Users\Owner\AppData\Roaming\npm\node_modules\npm\node_modules\@npmcli\run-script\lib\node-gyp-bin;C:\Users\Owner\source\repos\tainolanguageprojectV2\node_modules\.bin;C:\Users\Owner\source\repos\node_modules\.bin;C:\Users\Owner\source\node_modules\.bin;C:\Users\Owner\node_modules\.bin;C:\Users\node_modules\.bin;C:\node_modules\.bin;C:\Users\Owner\AppData\Roaming\npm\node_modules\npm\node_modules\@npmcli\run-script\lib\node-gyp-bin;C:\Program Files\Eclipse Adoptium\jdk-17.0.5.8-hotspot\bin;C:\Windows\system32;C:\Windows;C:\Windows\System32\Wbem;C:\Windows\System32\WindowsPowerShell\v1.0\;C:\Windows\System32\OpenSSH\;C:\Program Files\Microsoft SQL Server\130\Tools\Binn\;C:\Program Files (x86)\Microsoft SQL Server\150\DTS\Binn\;C:\Program Files\Microsoft SQL Server\Client SDK\ODBC\170\Tools\Binn\;C:\Program Files (x86)\Microsoft SQL Server\150\Tools\Binn\;C:\Program Files\Microsoft SQL Server\150\Tools\Binn\;C:\Program Files\Microsoft SQL Server\150\DTS\Binn\;C:\ProgramData\chocolatey\bin;C:\composer;C:\Program Files\Microsoft JDBC DRIVER 11.2 for SQL Server\sqljdbc_11.2.3.0_enu\sqljdbc_11.2\enu\auth\x64\;C:\Program Files\Microsoft VS Code\bin;C:\cygwin64\unix2dos;C:\Program Files\Docker\Docker\resources\bin;C:\Program Files\nodejs\;C:\platform-tools_r34.0.5-windows\platform-tools\;C:\Program Files\Git\cmd;C:\Program Files\dotnet\;C:\Users\Owner\AppData\Local\Android\Sdk\platform-tools;C:\Users\Owner\AppData\Local\Android\Sdk\tools;C:\Users\Owner\scoop\shims;C:\Users\Owner\AppData\Local\Microsoft\WindowsApps;C:\Users\Owner\.dotnet\tools;C:\Program Files\Azure Data Studio\bin;C:\Program Files\instantclient_21_3;C:\Users\Owner\AppData\Roaming\Composer\vendor\bin;C:\P
USERNAME=Owner
LANG=en_US.UTF-8
OS=Windows_NT
PROCESSOR_IDENTIFIER=Intel64 Family 6 Model 158 Stepping 9, GenuineIntel
TMP=C:\Users\Owner\AppData\Local\Temp
TEMP=C:\Users\Owner\AppData\Local\Temp



---------------  S Y S T E M  ---------------

OS:
 Windows 10 , 64 bit Build 19041 (10.0.19041.3570)
OS uptime: 6 days 9:58 hours
Hyper-V role detected

CPU: total 8 (initial active 8) (4 cores per cpu, 2 threads per core) family 6 model 158 stepping 9 microcode 0xea, cx8, cmov, fxsr, ht, mmx, 3dnowpref, sse, sse2, sse3, ssse3, sse4.1, sse4.2, popcnt, lzcnt, tsc, tscinvbit, avx, avx2, aes, erms, clmul, bmi1, bmi2, adx, fma, vzeroupper, clflush, clflushopt, hv

Memory: 4k page, system-wide physical 8043M (216M free)
TotalPageFile size 32619M (AvailPageFile size 52M)
current process WorkingSet (physical memory assigned to process): 174M, peak: 400M
current process commit charge ("private bytes"): 588M, peak: 592M

vm_info: OpenJDK 64-Bit Server VM (17.0.5+8) for windows-amd64 JRE (17.0.5+8), built on Oct 19 2022 04:48:13 by "temurin" with MS VC++ 16.7 (VS2019)

END.
